{"/Users/Nicholas/Desktop/School/seng350/project/seng350f19-project-3-10/BillSplit/src/DbClient.js": {"path":"/Users/Nicholas/Desktop/School/seng350/project/seng350f19-project-3-10/BillSplit/src/DbClient.js","statementMap":{"0":{"start":{"line":2,"column":16},"end":{"line":10,"column":1}},"1":{"start":{"line":3,"column":28},"end":{"line":3,"column":110}},"2":{"start":{"line":3,"column":91},"end":{"line":3,"column":106}},"3":{"start":{"line":4,"column":4},"end":{"line":9,"column":7}},"4":{"start":{"line":5,"column":36},"end":{"line":5,"column":97}},"5":{"start":{"line":5,"column":42},"end":{"line":5,"column":70}},"6":{"start":{"line":5,"column":85},"end":{"line":5,"column":95}},"7":{"start":{"line":6,"column":35},"end":{"line":6,"column":100}},"8":{"start":{"line":6,"column":41},"end":{"line":6,"column":73}},"9":{"start":{"line":6,"column":88},"end":{"line":6,"column":98}},"10":{"start":{"line":7,"column":32},"end":{"line":7,"column":116}},"11":{"start":{"line":8,"column":8},"end":{"line":8,"column":78}},"12":{"start":{"line":11,"column":18},"end":{"line":37,"column":1}},"13":{"start":{"line":12,"column":12},"end":{"line":12,"column":104}},"14":{"start":{"line":12,"column":43},"end":{"line":12,"column":68}},"15":{"start":{"line":12,"column":57},"end":{"line":12,"column":68}},"16":{"start":{"line":12,"column":69},"end":{"line":12,"column":81}},"17":{"start":{"line":13,"column":4},"end":{"line":13,"column":157}},"18":{"start":{"line":13,"column":138},"end":{"line":13,"column":150}},"19":{"start":{"line":14,"column":23},"end":{"line":14,"column":68}},"20":{"start":{"line":14,"column":45},"end":{"line":14,"column":65}},"21":{"start":{"line":16,"column":8},"end":{"line":16,"column":70}},"22":{"start":{"line":16,"column":15},"end":{"line":16,"column":70}},"23":{"start":{"line":17,"column":8},"end":{"line":34,"column":66}},"24":{"start":{"line":17,"column":18},"end":{"line":34,"column":66}},"25":{"start":{"line":18,"column":12},"end":{"line":18,"column":169}},"26":{"start":{"line":18,"column":160},"end":{"line":18,"column":169}},"27":{"start":{"line":19,"column":12},"end":{"line":19,"column":52}},"28":{"start":{"line":19,"column":26},"end":{"line":19,"column":52}},"29":{"start":{"line":20,"column":12},"end":{"line":32,"column":13}},"30":{"start":{"line":21,"column":32},"end":{"line":21,"column":39}},"31":{"start":{"line":21,"column":40},"end":{"line":21,"column":46}},"32":{"start":{"line":22,"column":24},"end":{"line":22,"column":34}},"33":{"start":{"line":22,"column":35},"end":{"line":22,"column":72}},"34":{"start":{"line":23,"column":24},"end":{"line":23,"column":34}},"35":{"start":{"line":23,"column":35},"end":{"line":23,"column":45}},"36":{"start":{"line":23,"column":46},"end":{"line":23,"column":55}},"37":{"start":{"line":23,"column":56},"end":{"line":23,"column":65}},"38":{"start":{"line":24,"column":24},"end":{"line":24,"column":41}},"39":{"start":{"line":24,"column":42},"end":{"line":24,"column":55}},"40":{"start":{"line":24,"column":56},"end":{"line":24,"column":65}},"41":{"start":{"line":26,"column":20},"end":{"line":26,"column":128}},"42":{"start":{"line":26,"column":110},"end":{"line":26,"column":116}},"43":{"start":{"line":26,"column":117},"end":{"line":26,"column":126}},"44":{"start":{"line":27,"column":20},"end":{"line":27,"column":106}},"45":{"start":{"line":27,"column":81},"end":{"line":27,"column":97}},"46":{"start":{"line":27,"column":98},"end":{"line":27,"column":104}},"47":{"start":{"line":28,"column":20},"end":{"line":28,"column":89}},"48":{"start":{"line":28,"column":57},"end":{"line":28,"column":72}},"49":{"start":{"line":28,"column":73},"end":{"line":28,"column":80}},"50":{"start":{"line":28,"column":81},"end":{"line":28,"column":87}},"51":{"start":{"line":29,"column":20},"end":{"line":29,"column":87}},"52":{"start":{"line":29,"column":47},"end":{"line":29,"column":62}},"53":{"start":{"line":29,"column":63},"end":{"line":29,"column":78}},"54":{"start":{"line":29,"column":79},"end":{"line":29,"column":85}},"55":{"start":{"line":30,"column":20},"end":{"line":30,"column":42}},"56":{"start":{"line":30,"column":30},"end":{"line":30,"column":42}},"57":{"start":{"line":31,"column":20},"end":{"line":31,"column":33}},"58":{"start":{"line":31,"column":34},"end":{"line":31,"column":43}},"59":{"start":{"line":33,"column":12},"end":{"line":33,"column":39}},"60":{"start":{"line":34,"column":22},"end":{"line":34,"column":34}},"61":{"start":{"line":34,"column":35},"end":{"line":34,"column":41}},"62":{"start":{"line":34,"column":54},"end":{"line":34,"column":64}},"63":{"start":{"line":35,"column":8},"end":{"line":35,"column":35}},"64":{"start":{"line":35,"column":23},"end":{"line":35,"column":35}},"65":{"start":{"line":35,"column":36},"end":{"line":35,"column":89}},"66":{"start":{"line":38,"column":16},"end":{"line":38,"column":34}},"67":{"start":{"line":39,"column":0},"end":{"line":39,"column":20}},"68":{"start":{"line":40,"column":30},"end":{"line":695,"column":3}},"69":{"start":{"line":48,"column":4},"end":{"line":68,"column":6}},"70":{"start":{"line":49,"column":8},"end":{"line":67,"column":11}},"71":{"start":{"line":51,"column":12},"end":{"line":66,"column":15}},"72":{"start":{"line":52,"column":16},"end":{"line":65,"column":17}},"73":{"start":{"line":54,"column":24},"end":{"line":54,"column":50}},"74":{"start":{"line":55,"column":24},"end":{"line":55,"column":57}},"75":{"start":{"line":56,"column":24},"end":{"line":56,"column":84}},"76":{"start":{"line":58,"column":24},"end":{"line":58,"column":43}},"77":{"start":{"line":59,"column":24},"end":{"line":59,"column":57}},"78":{"start":{"line":60,"column":24},"end":{"line":60,"column":55}},"79":{"start":{"line":62,"column":24},"end":{"line":62,"column":44}},"80":{"start":{"line":63,"column":24},"end":{"line":63,"column":38}},"81":{"start":{"line":64,"column":28},"end":{"line":64,"column":50}},"82":{"start":{"line":74,"column":4},"end":{"line":92,"column":6}},"83":{"start":{"line":75,"column":8},"end":{"line":91,"column":11}},"84":{"start":{"line":77,"column":12},"end":{"line":90,"column":15}},"85":{"start":{"line":78,"column":16},"end":{"line":89,"column":17}},"86":{"start":{"line":80,"column":24},"end":{"line":80,"column":50}},"87":{"start":{"line":81,"column":24},"end":{"line":81,"column":61}},"88":{"start":{"line":83,"column":24},"end":{"line":83,"column":41}},"89":{"start":{"line":84,"column":24},"end":{"line":84,"column":92}},"90":{"start":{"line":86,"column":24},"end":{"line":86,"column":44}},"91":{"start":{"line":87,"column":24},"end":{"line":87,"column":38}},"92":{"start":{"line":88,"column":28},"end":{"line":88,"column":50}},"93":{"start":{"line":99,"column":4},"end":{"line":122,"column":6}},"94":{"start":{"line":100,"column":8},"end":{"line":121,"column":11}},"95":{"start":{"line":102,"column":12},"end":{"line":120,"column":15}},"96":{"start":{"line":103,"column":16},"end":{"line":119,"column":17}},"97":{"start":{"line":105,"column":24},"end":{"line":105,"column":50}},"98":{"start":{"line":106,"column":24},"end":{"line":106,"column":61}},"99":{"start":{"line":108,"column":24},"end":{"line":108,"column":41}},"100":{"start":{"line":109,"column":24},"end":{"line":114,"column":32}},"101":{"start":{"line":116,"column":24},"end":{"line":116,"column":44}},"102":{"start":{"line":117,"column":24},"end":{"line":117,"column":38}},"103":{"start":{"line":118,"column":28},"end":{"line":118,"column":50}},"104":{"start":{"line":129,"column":4},"end":{"line":147,"column":6}},"105":{"start":{"line":130,"column":8},"end":{"line":146,"column":11}},"106":{"start":{"line":132,"column":12},"end":{"line":145,"column":15}},"107":{"start":{"line":133,"column":16},"end":{"line":144,"column":17}},"108":{"start":{"line":135,"column":24},"end":{"line":135,"column":50}},"109":{"start":{"line":136,"column":24},"end":{"line":136,"column":61}},"110":{"start":{"line":138,"column":24},"end":{"line":138,"column":41}},"111":{"start":{"line":139,"column":24},"end":{"line":139,"column":103}},"112":{"start":{"line":141,"column":24},"end":{"line":141,"column":44}},"113":{"start":{"line":142,"column":24},"end":{"line":142,"column":38}},"114":{"start":{"line":143,"column":28},"end":{"line":143,"column":50}},"115":{"start":{"line":154,"column":4},"end":{"line":172,"column":6}},"116":{"start":{"line":155,"column":8},"end":{"line":171,"column":11}},"117":{"start":{"line":157,"column":12},"end":{"line":170,"column":15}},"118":{"start":{"line":158,"column":16},"end":{"line":169,"column":17}},"119":{"start":{"line":160,"column":24},"end":{"line":160,"column":50}},"120":{"start":{"line":161,"column":24},"end":{"line":161,"column":61}},"121":{"start":{"line":163,"column":24},"end":{"line":163,"column":41}},"122":{"start":{"line":164,"column":24},"end":{"line":164,"column":114}},"123":{"start":{"line":166,"column":24},"end":{"line":166,"column":44}},"124":{"start":{"line":167,"column":24},"end":{"line":167,"column":38}},"125":{"start":{"line":168,"column":28},"end":{"line":168,"column":50}},"126":{"start":{"line":180,"column":4},"end":{"line":202,"column":6}},"127":{"start":{"line":181,"column":8},"end":{"line":201,"column":11}},"128":{"start":{"line":183,"column":12},"end":{"line":200,"column":15}},"129":{"start":{"line":184,"column":16},"end":{"line":199,"column":17}},"130":{"start":{"line":186,"column":24},"end":{"line":186,"column":50}},"131":{"start":{"line":187,"column":24},"end":{"line":187,"column":61}},"132":{"start":{"line":189,"column":24},"end":{"line":189,"column":41}},"133":{"start":{"line":190,"column":24},"end":{"line":192,"column":26}},"134":{"start":{"line":193,"column":24},"end":{"line":193,"column":53}},"135":{"start":{"line":194,"column":24},"end":{"line":194,"column":106}},"136":{"start":{"line":196,"column":24},"end":{"line":196,"column":44}},"137":{"start":{"line":197,"column":24},"end":{"line":197,"column":38}},"138":{"start":{"line":198,"column":28},"end":{"line":198,"column":50}},"139":{"start":{"line":209,"column":4},"end":{"line":246,"column":6}},"140":{"start":{"line":210,"column":8},"end":{"line":245,"column":11}},"141":{"start":{"line":212,"column":12},"end":{"line":244,"column":15}},"142":{"start":{"line":213,"column":16},"end":{"line":243,"column":17}},"143":{"start":{"line":215,"column":24},"end":{"line":215,"column":50}},"144":{"start":{"line":216,"column":24},"end":{"line":216,"column":61}},"145":{"start":{"line":218,"column":24},"end":{"line":218,"column":41}},"146":{"start":{"line":219,"column":24},"end":{"line":238,"column":42}},"147":{"start":{"line":240,"column":24},"end":{"line":240,"column":44}},"148":{"start":{"line":241,"column":24},"end":{"line":241,"column":38}},"149":{"start":{"line":242,"column":28},"end":{"line":242,"column":50}},"150":{"start":{"line":253,"column":4},"end":{"line":271,"column":6}},"151":{"start":{"line":254,"column":8},"end":{"line":270,"column":11}},"152":{"start":{"line":256,"column":12},"end":{"line":269,"column":15}},"153":{"start":{"line":257,"column":16},"end":{"line":268,"column":17}},"154":{"start":{"line":259,"column":24},"end":{"line":259,"column":50}},"155":{"start":{"line":260,"column":24},"end":{"line":260,"column":61}},"156":{"start":{"line":262,"column":24},"end":{"line":262,"column":41}},"157":{"start":{"line":263,"column":24},"end":{"line":263,"column":90}},"158":{"start":{"line":265,"column":24},"end":{"line":265,"column":44}},"159":{"start":{"line":266,"column":24},"end":{"line":266,"column":38}},"160":{"start":{"line":267,"column":28},"end":{"line":267,"column":50}},"161":{"start":{"line":278,"column":4},"end":{"line":305,"column":6}},"162":{"start":{"line":279,"column":8},"end":{"line":304,"column":11}},"163":{"start":{"line":281,"column":12},"end":{"line":303,"column":15}},"164":{"start":{"line":282,"column":16},"end":{"line":302,"column":17}},"165":{"start":{"line":284,"column":24},"end":{"line":284,"column":50}},"166":{"start":{"line":285,"column":24},"end":{"line":285,"column":61}},"167":{"start":{"line":287,"column":24},"end":{"line":287,"column":41}},"168":{"start":{"line":288,"column":24},"end":{"line":297,"column":42}},"169":{"start":{"line":299,"column":24},"end":{"line":299,"column":44}},"170":{"start":{"line":300,"column":24},"end":{"line":300,"column":38}},"171":{"start":{"line":301,"column":28},"end":{"line":301,"column":50}},"172":{"start":{"line":312,"column":4},"end":{"line":342,"column":6}},"173":{"start":{"line":313,"column":8},"end":{"line":341,"column":11}},"174":{"start":{"line":315,"column":12},"end":{"line":340,"column":15}},"175":{"start":{"line":316,"column":16},"end":{"line":339,"column":17}},"176":{"start":{"line":318,"column":24},"end":{"line":318,"column":50}},"177":{"start":{"line":319,"column":24},"end":{"line":319,"column":61}},"178":{"start":{"line":321,"column":24},"end":{"line":321,"column":41}},"179":{"start":{"line":322,"column":24},"end":{"line":334,"column":42}},"180":{"start":{"line":336,"column":24},"end":{"line":336,"column":45}},"181":{"start":{"line":337,"column":24},"end":{"line":337,"column":39}},"182":{"start":{"line":338,"column":28},"end":{"line":338,"column":50}},"183":{"start":{"line":349,"column":4},"end":{"line":371,"column":6}},"184":{"start":{"line":350,"column":8},"end":{"line":370,"column":11}},"185":{"start":{"line":352,"column":12},"end":{"line":369,"column":15}},"186":{"start":{"line":353,"column":16},"end":{"line":368,"column":17}},"187":{"start":{"line":355,"column":24},"end":{"line":355,"column":50}},"188":{"start":{"line":356,"column":24},"end":{"line":356,"column":61}},"189":{"start":{"line":358,"column":24},"end":{"line":358,"column":41}},"190":{"start":{"line":359,"column":24},"end":{"line":363,"column":42}},"191":{"start":{"line":365,"column":24},"end":{"line":365,"column":45}},"192":{"start":{"line":366,"column":24},"end":{"line":366,"column":39}},"193":{"start":{"line":367,"column":28},"end":{"line":367,"column":50}},"194":{"start":{"line":378,"column":4},"end":{"line":400,"column":6}},"195":{"start":{"line":379,"column":8},"end":{"line":399,"column":11}},"196":{"start":{"line":381,"column":12},"end":{"line":398,"column":15}},"197":{"start":{"line":382,"column":16},"end":{"line":397,"column":17}},"198":{"start":{"line":384,"column":24},"end":{"line":384,"column":50}},"199":{"start":{"line":385,"column":24},"end":{"line":385,"column":61}},"200":{"start":{"line":387,"column":24},"end":{"line":387,"column":41}},"201":{"start":{"line":388,"column":24},"end":{"line":392,"column":42}},"202":{"start":{"line":394,"column":24},"end":{"line":394,"column":45}},"203":{"start":{"line":395,"column":24},"end":{"line":395,"column":39}},"204":{"start":{"line":396,"column":28},"end":{"line":396,"column":50}},"205":{"start":{"line":407,"column":4},"end":{"line":429,"column":6}},"206":{"start":{"line":408,"column":8},"end":{"line":428,"column":11}},"207":{"start":{"line":410,"column":12},"end":{"line":427,"column":15}},"208":{"start":{"line":411,"column":16},"end":{"line":426,"column":17}},"209":{"start":{"line":413,"column":24},"end":{"line":413,"column":50}},"210":{"start":{"line":414,"column":24},"end":{"line":414,"column":61}},"211":{"start":{"line":416,"column":24},"end":{"line":416,"column":41}},"212":{"start":{"line":417,"column":24},"end":{"line":421,"column":42}},"213":{"start":{"line":423,"column":24},"end":{"line":423,"column":45}},"214":{"start":{"line":424,"column":24},"end":{"line":424,"column":39}},"215":{"start":{"line":425,"column":28},"end":{"line":425,"column":50}},"216":{"start":{"line":436,"column":4},"end":{"line":454,"column":6}},"217":{"start":{"line":437,"column":8},"end":{"line":453,"column":11}},"218":{"start":{"line":439,"column":12},"end":{"line":452,"column":15}},"219":{"start":{"line":440,"column":16},"end":{"line":451,"column":17}},"220":{"start":{"line":442,"column":24},"end":{"line":442,"column":50}},"221":{"start":{"line":443,"column":24},"end":{"line":443,"column":61}},"222":{"start":{"line":445,"column":24},"end":{"line":445,"column":41}},"223":{"start":{"line":446,"column":24},"end":{"line":446,"column":95}},"224":{"start":{"line":448,"column":24},"end":{"line":448,"column":45}},"225":{"start":{"line":449,"column":24},"end":{"line":449,"column":39}},"226":{"start":{"line":450,"column":28},"end":{"line":450,"column":50}},"227":{"start":{"line":461,"column":4},"end":{"line":515,"column":6}},"228":{"start":{"line":462,"column":8},"end":{"line":514,"column":11}},"229":{"start":{"line":464,"column":12},"end":{"line":513,"column":15}},"230":{"start":{"line":465,"column":16},"end":{"line":512,"column":17}},"231":{"start":{"line":467,"column":24},"end":{"line":467,"column":50}},"232":{"start":{"line":468,"column":24},"end":{"line":468,"column":61}},"233":{"start":{"line":470,"column":24},"end":{"line":470,"column":41}},"234":{"start":{"line":471,"column":24},"end":{"line":507,"column":42}},"235":{"start":{"line":509,"column":24},"end":{"line":509,"column":45}},"236":{"start":{"line":510,"column":24},"end":{"line":510,"column":39}},"237":{"start":{"line":511,"column":28},"end":{"line":511,"column":50}},"238":{"start":{"line":522,"column":4},"end":{"line":540,"column":6}},"239":{"start":{"line":523,"column":8},"end":{"line":539,"column":11}},"240":{"start":{"line":525,"column":12},"end":{"line":538,"column":15}},"241":{"start":{"line":526,"column":16},"end":{"line":537,"column":17}},"242":{"start":{"line":528,"column":24},"end":{"line":528,"column":50}},"243":{"start":{"line":529,"column":24},"end":{"line":529,"column":61}},"244":{"start":{"line":531,"column":24},"end":{"line":531,"column":41}},"245":{"start":{"line":532,"column":24},"end":{"line":532,"column":109}},"246":{"start":{"line":534,"column":24},"end":{"line":534,"column":45}},"247":{"start":{"line":535,"column":24},"end":{"line":535,"column":39}},"248":{"start":{"line":536,"column":28},"end":{"line":536,"column":50}},"249":{"start":{"line":546,"column":4},"end":{"line":564,"column":6}},"250":{"start":{"line":547,"column":8},"end":{"line":563,"column":11}},"251":{"start":{"line":549,"column":12},"end":{"line":562,"column":15}},"252":{"start":{"line":550,"column":16},"end":{"line":561,"column":17}},"253":{"start":{"line":552,"column":24},"end":{"line":552,"column":50}},"254":{"start":{"line":553,"column":24},"end":{"line":553,"column":61}},"255":{"start":{"line":555,"column":24},"end":{"line":555,"column":41}},"256":{"start":{"line":556,"column":24},"end":{"line":556,"column":121}},"257":{"start":{"line":558,"column":24},"end":{"line":558,"column":45}},"258":{"start":{"line":559,"column":24},"end":{"line":559,"column":39}},"259":{"start":{"line":560,"column":28},"end":{"line":560,"column":50}},"260":{"start":{"line":570,"column":4},"end":{"line":588,"column":6}},"261":{"start":{"line":571,"column":8},"end":{"line":587,"column":11}},"262":{"start":{"line":573,"column":12},"end":{"line":586,"column":15}},"263":{"start":{"line":574,"column":16},"end":{"line":585,"column":17}},"264":{"start":{"line":576,"column":24},"end":{"line":576,"column":50}},"265":{"start":{"line":577,"column":24},"end":{"line":577,"column":61}},"266":{"start":{"line":579,"column":24},"end":{"line":579,"column":41}},"267":{"start":{"line":580,"column":24},"end":{"line":580,"column":95}},"268":{"start":{"line":582,"column":24},"end":{"line":582,"column":45}},"269":{"start":{"line":583,"column":24},"end":{"line":583,"column":39}},"270":{"start":{"line":584,"column":28},"end":{"line":584,"column":50}},"271":{"start":{"line":593,"column":4},"end":{"line":632,"column":6}},"272":{"start":{"line":594,"column":8},"end":{"line":631,"column":11}},"273":{"start":{"line":596,"column":12},"end":{"line":630,"column":15}},"274":{"start":{"line":597,"column":16},"end":{"line":629,"column":17}},"275":{"start":{"line":599,"column":24},"end":{"line":599,"column":50}},"276":{"start":{"line":600,"column":24},"end":{"line":600,"column":61}},"277":{"start":{"line":602,"column":24},"end":{"line":602,"column":41}},"278":{"start":{"line":603,"column":24},"end":{"line":624,"column":42}},"279":{"start":{"line":626,"column":24},"end":{"line":626,"column":45}},"280":{"start":{"line":627,"column":24},"end":{"line":627,"column":39}},"281":{"start":{"line":628,"column":28},"end":{"line":628,"column":50}},"282":{"start":{"line":633,"column":4},"end":{"line":651,"column":6}},"283":{"start":{"line":634,"column":8},"end":{"line":650,"column":11}},"284":{"start":{"line":636,"column":12},"end":{"line":649,"column":15}},"285":{"start":{"line":637,"column":16},"end":{"line":648,"column":17}},"286":{"start":{"line":639,"column":24},"end":{"line":639,"column":50}},"287":{"start":{"line":640,"column":24},"end":{"line":640,"column":61}},"288":{"start":{"line":642,"column":24},"end":{"line":642,"column":41}},"289":{"start":{"line":643,"column":24},"end":{"line":643,"column":98}},"290":{"start":{"line":645,"column":24},"end":{"line":645,"column":45}},"291":{"start":{"line":646,"column":24},"end":{"line":646,"column":39}},"292":{"start":{"line":647,"column":28},"end":{"line":647,"column":50}},"293":{"start":{"line":652,"column":4},"end":{"line":674,"column":6}},"294":{"start":{"line":653,"column":8},"end":{"line":673,"column":11}},"295":{"start":{"line":655,"column":12},"end":{"line":672,"column":15}},"296":{"start":{"line":656,"column":16},"end":{"line":671,"column":17}},"297":{"start":{"line":658,"column":24},"end":{"line":658,"column":41}},"298":{"start":{"line":659,"column":24},"end":{"line":659,"column":72}},"299":{"start":{"line":660,"column":24},"end":{"line":660,"column":37}},"300":{"start":{"line":662,"column":24},"end":{"line":662,"column":50}},"301":{"start":{"line":663,"column":24},"end":{"line":663,"column":61}},"302":{"start":{"line":665,"column":24},"end":{"line":665,"column":41}},"303":{"start":{"line":666,"column":24},"end":{"line":666,"column":123}},"304":{"start":{"line":668,"column":24},"end":{"line":668,"column":45}},"305":{"start":{"line":669,"column":24},"end":{"line":669,"column":39}},"306":{"start":{"line":670,"column":28},"end":{"line":670,"column":50}},"307":{"start":{"line":675,"column":4},"end":{"line":693,"column":6}},"308":{"start":{"line":676,"column":8},"end":{"line":692,"column":11}},"309":{"start":{"line":678,"column":12},"end":{"line":691,"column":15}},"310":{"start":{"line":679,"column":16},"end":{"line":690,"column":17}},"311":{"start":{"line":681,"column":24},"end":{"line":681,"column":50}},"312":{"start":{"line":682,"column":24},"end":{"line":682,"column":61}},"313":{"start":{"line":684,"column":24},"end":{"line":684,"column":41}},"314":{"start":{"line":685,"column":24},"end":{"line":685,"column":120}},"315":{"start":{"line":687,"column":24},"end":{"line":687,"column":45}},"316":{"start":{"line":688,"column":24},"end":{"line":688,"column":39}},"317":{"start":{"line":689,"column":28},"end":{"line":689,"column":50}},"318":{"start":{"line":694,"column":4},"end":{"line":694,"column":20}},"319":{"start":{"line":696,"column":0},"end":{"line":696,"column":32}}},"fnMap":{"0":{"name":"(anonymous_0)","decl":{"start":{"line":2,"column":44},"end":{"line":2,"column":45}},"loc":{"start":{"line":2,"column":89},"end":{"line":10,"column":1}},"line":2},"1":{"name":"adopt","decl":{"start":{"line":3,"column":13},"end":{"line":3,"column":18}},"loc":{"start":{"line":3,"column":26},"end":{"line":3,"column":112}},"line":3},"2":{"name":"(anonymous_2)","decl":{"start":{"line":3,"column":70},"end":{"line":3,"column":71}},"loc":{"start":{"line":3,"column":89},"end":{"line":3,"column":108}},"line":3},"3":{"name":"(anonymous_3)","decl":{"start":{"line":4,"column":36},"end":{"line":4,"column":37}},"loc":{"start":{"line":4,"column":63},"end":{"line":9,"column":5}},"line":4},"4":{"name":"fulfilled","decl":{"start":{"line":5,"column":17},"end":{"line":5,"column":26}},"loc":{"start":{"line":5,"column":34},"end":{"line":5,"column":99}},"line":5},"5":{"name":"rejected","decl":{"start":{"line":6,"column":17},"end":{"line":6,"column":25}},"loc":{"start":{"line":6,"column":33},"end":{"line":6,"column":102}},"line":6},"6":{"name":"step","decl":{"start":{"line":7,"column":17},"end":{"line":7,"column":21}},"loc":{"start":{"line":7,"column":30},"end":{"line":7,"column":118}},"line":7},"7":{"name":"(anonymous_7)","decl":{"start":{"line":11,"column":48},"end":{"line":11,"column":49}},"loc":{"start":{"line":11,"column":73},"end":{"line":37,"column":1}},"line":11},"8":{"name":"(anonymous_8)","decl":{"start":{"line":12,"column":30},"end":{"line":12,"column":31}},"loc":{"start":{"line":12,"column":41},"end":{"line":12,"column":83}},"line":12},"9":{"name":"(anonymous_9)","decl":{"start":{"line":13,"column":125},"end":{"line":13,"column":126}},"loc":{"start":{"line":13,"column":136},"end":{"line":13,"column":152}},"line":13},"10":{"name":"verb","decl":{"start":{"line":14,"column":13},"end":{"line":14,"column":17}},"loc":{"start":{"line":14,"column":21},"end":{"line":14,"column":70}},"line":14},"11":{"name":"(anonymous_11)","decl":{"start":{"line":14,"column":30},"end":{"line":14,"column":31}},"loc":{"start":{"line":14,"column":43},"end":{"line":14,"column":67}},"line":14},"12":{"name":"step","decl":{"start":{"line":15,"column":13},"end":{"line":15,"column":17}},"loc":{"start":{"line":15,"column":22},"end":{"line":36,"column":5}},"line":15},"13":{"name":"(anonymous_13)","decl":{"start":{"line":40,"column":30},"end":{"line":40,"column":31}},"loc":{"start":{"line":40,"column":42},"end":{"line":695,"column":1}},"line":40},"14":{"name":"DbClient","decl":{"start":{"line":41,"column":13},"end":{"line":41,"column":21}},"loc":{"start":{"line":41,"column":24},"end":{"line":42,"column":5}},"line":41},"15":{"name":"(anonymous_15)","decl":{"start":{"line":48,"column":33},"end":{"line":48,"column":34}},"loc":{"start":{"line":48,"column":45},"end":{"line":68,"column":5}},"line":48},"16":{"name":"(anonymous_16)","decl":{"start":{"line":49,"column":47},"end":{"line":49,"column":48}},"loc":{"start":{"line":49,"column":59},"end":{"line":67,"column":9}},"line":49},"17":{"name":"(anonymous_17)","decl":{"start":{"line":51,"column":37},"end":{"line":51,"column":38}},"loc":{"start":{"line":51,"column":51},"end":{"line":66,"column":13}},"line":51},"18":{"name":"(anonymous_18)","decl":{"start":{"line":74,"column":32},"end":{"line":74,"column":33}},"loc":{"start":{"line":74,"column":54},"end":{"line":92,"column":5}},"line":74},"19":{"name":"(anonymous_19)","decl":{"start":{"line":75,"column":47},"end":{"line":75,"column":48}},"loc":{"start":{"line":75,"column":59},"end":{"line":91,"column":9}},"line":75},"20":{"name":"(anonymous_20)","decl":{"start":{"line":77,"column":37},"end":{"line":77,"column":38}},"loc":{"start":{"line":77,"column":51},"end":{"line":90,"column":13}},"line":77},"21":{"name":"(anonymous_21)","decl":{"start":{"line":99,"column":32},"end":{"line":99,"column":33}},"loc":{"start":{"line":99,"column":59},"end":{"line":122,"column":5}},"line":99},"22":{"name":"(anonymous_22)","decl":{"start":{"line":100,"column":47},"end":{"line":100,"column":48}},"loc":{"start":{"line":100,"column":59},"end":{"line":121,"column":9}},"line":100},"23":{"name":"(anonymous_23)","decl":{"start":{"line":102,"column":37},"end":{"line":102,"column":38}},"loc":{"start":{"line":102,"column":51},"end":{"line":120,"column":13}},"line":102},"24":{"name":"(anonymous_24)","decl":{"start":{"line":129,"column":35},"end":{"line":129,"column":36}},"loc":{"start":{"line":129,"column":66},"end":{"line":147,"column":5}},"line":129},"25":{"name":"(anonymous_25)","decl":{"start":{"line":130,"column":47},"end":{"line":130,"column":48}},"loc":{"start":{"line":130,"column":59},"end":{"line":146,"column":9}},"line":130},"26":{"name":"(anonymous_26)","decl":{"start":{"line":132,"column":37},"end":{"line":132,"column":38}},"loc":{"start":{"line":132,"column":51},"end":{"line":145,"column":13}},"line":132},"27":{"name":"(anonymous_27)","decl":{"start":{"line":154,"column":30},"end":{"line":154,"column":31}},"loc":{"start":{"line":154,"column":61},"end":{"line":172,"column":5}},"line":154},"28":{"name":"(anonymous_28)","decl":{"start":{"line":155,"column":47},"end":{"line":155,"column":48}},"loc":{"start":{"line":155,"column":59},"end":{"line":171,"column":9}},"line":155},"29":{"name":"(anonymous_29)","decl":{"start":{"line":157,"column":37},"end":{"line":157,"column":38}},"loc":{"start":{"line":157,"column":51},"end":{"line":170,"column":13}},"line":157},"30":{"name":"(anonymous_30)","decl":{"start":{"line":180,"column":30},"end":{"line":180,"column":31}},"loc":{"start":{"line":180,"column":71},"end":{"line":202,"column":5}},"line":180},"31":{"name":"(anonymous_31)","decl":{"start":{"line":181,"column":47},"end":{"line":181,"column":48}},"loc":{"start":{"line":181,"column":59},"end":{"line":201,"column":9}},"line":181},"32":{"name":"(anonymous_32)","decl":{"start":{"line":183,"column":37},"end":{"line":183,"column":38}},"loc":{"start":{"line":183,"column":51},"end":{"line":200,"column":13}},"line":183},"33":{"name":"(anonymous_33)","decl":{"start":{"line":209,"column":33},"end":{"line":209,"column":34}},"loc":{"start":{"line":209,"column":53},"end":{"line":246,"column":5}},"line":209},"34":{"name":"(anonymous_34)","decl":{"start":{"line":210,"column":47},"end":{"line":210,"column":48}},"loc":{"start":{"line":210,"column":59},"end":{"line":245,"column":9}},"line":210},"35":{"name":"(anonymous_35)","decl":{"start":{"line":212,"column":37},"end":{"line":212,"column":38}},"loc":{"start":{"line":212,"column":51},"end":{"line":244,"column":13}},"line":212},"36":{"name":"(anonymous_36)","decl":{"start":{"line":253,"column":32},"end":{"line":253,"column":33}},"loc":{"start":{"line":253,"column":59},"end":{"line":271,"column":5}},"line":253},"37":{"name":"(anonymous_37)","decl":{"start":{"line":254,"column":47},"end":{"line":254,"column":48}},"loc":{"start":{"line":254,"column":59},"end":{"line":270,"column":9}},"line":254},"38":{"name":"(anonymous_38)","decl":{"start":{"line":256,"column":37},"end":{"line":256,"column":38}},"loc":{"start":{"line":256,"column":51},"end":{"line":269,"column":13}},"line":256},"39":{"name":"(anonymous_39)","decl":{"start":{"line":278,"column":35},"end":{"line":278,"column":36}},"loc":{"start":{"line":278,"column":47},"end":{"line":305,"column":5}},"line":278},"40":{"name":"(anonymous_40)","decl":{"start":{"line":279,"column":47},"end":{"line":279,"column":48}},"loc":{"start":{"line":279,"column":59},"end":{"line":304,"column":9}},"line":279},"41":{"name":"(anonymous_41)","decl":{"start":{"line":281,"column":37},"end":{"line":281,"column":38}},"loc":{"start":{"line":281,"column":51},"end":{"line":303,"column":13}},"line":281},"42":{"name":"(anonymous_42)","decl":{"start":{"line":312,"column":34},"end":{"line":312,"column":35}},"loc":{"start":{"line":312,"column":48},"end":{"line":342,"column":5}},"line":312},"43":{"name":"(anonymous_43)","decl":{"start":{"line":313,"column":47},"end":{"line":313,"column":48}},"loc":{"start":{"line":313,"column":59},"end":{"line":341,"column":9}},"line":313},"44":{"name":"(anonymous_44)","decl":{"start":{"line":315,"column":37},"end":{"line":315,"column":38}},"loc":{"start":{"line":315,"column":51},"end":{"line":340,"column":13}},"line":315},"45":{"name":"(anonymous_45)","decl":{"start":{"line":349,"column":33},"end":{"line":349,"column":34}},"loc":{"start":{"line":349,"column":47},"end":{"line":371,"column":5}},"line":349},"46":{"name":"(anonymous_46)","decl":{"start":{"line":350,"column":47},"end":{"line":350,"column":48}},"loc":{"start":{"line":350,"column":59},"end":{"line":370,"column":9}},"line":350},"47":{"name":"(anonymous_47)","decl":{"start":{"line":352,"column":37},"end":{"line":352,"column":38}},"loc":{"start":{"line":352,"column":51},"end":{"line":369,"column":13}},"line":352},"48":{"name":"(anonymous_48)","decl":{"start":{"line":378,"column":33},"end":{"line":378,"column":34}},"loc":{"start":{"line":378,"column":47},"end":{"line":400,"column":5}},"line":378},"49":{"name":"(anonymous_49)","decl":{"start":{"line":379,"column":47},"end":{"line":379,"column":48}},"loc":{"start":{"line":379,"column":59},"end":{"line":399,"column":9}},"line":379},"50":{"name":"(anonymous_50)","decl":{"start":{"line":381,"column":37},"end":{"line":381,"column":38}},"loc":{"start":{"line":381,"column":51},"end":{"line":398,"column":13}},"line":381},"51":{"name":"(anonymous_51)","decl":{"start":{"line":407,"column":39},"end":{"line":407,"column":40}},"loc":{"start":{"line":407,"column":53},"end":{"line":429,"column":5}},"line":407},"52":{"name":"(anonymous_52)","decl":{"start":{"line":408,"column":47},"end":{"line":408,"column":48}},"loc":{"start":{"line":408,"column":59},"end":{"line":428,"column":9}},"line":408},"53":{"name":"(anonymous_53)","decl":{"start":{"line":410,"column":37},"end":{"line":410,"column":38}},"loc":{"start":{"line":410,"column":51},"end":{"line":427,"column":13}},"line":410},"54":{"name":"(anonymous_54)","decl":{"start":{"line":436,"column":31},"end":{"line":436,"column":32}},"loc":{"start":{"line":436,"column":58},"end":{"line":454,"column":5}},"line":436},"55":{"name":"(anonymous_55)","decl":{"start":{"line":437,"column":47},"end":{"line":437,"column":48}},"loc":{"start":{"line":437,"column":59},"end":{"line":453,"column":9}},"line":437},"56":{"name":"(anonymous_56)","decl":{"start":{"line":439,"column":37},"end":{"line":439,"column":38}},"loc":{"start":{"line":439,"column":51},"end":{"line":452,"column":13}},"line":439},"57":{"name":"(anonymous_57)","decl":{"start":{"line":461,"column":42},"end":{"line":461,"column":43}},"loc":{"start":{"line":461,"column":69},"end":{"line":515,"column":5}},"line":461},"58":{"name":"(anonymous_58)","decl":{"start":{"line":462,"column":47},"end":{"line":462,"column":48}},"loc":{"start":{"line":462,"column":59},"end":{"line":514,"column":9}},"line":462},"59":{"name":"(anonymous_59)","decl":{"start":{"line":464,"column":37},"end":{"line":464,"column":38}},"loc":{"start":{"line":464,"column":51},"end":{"line":513,"column":13}},"line":464},"60":{"name":"(anonymous_60)","decl":{"start":{"line":522,"column":40},"end":{"line":522,"column":41}},"loc":{"start":{"line":522,"column":75},"end":{"line":540,"column":5}},"line":522},"61":{"name":"(anonymous_61)","decl":{"start":{"line":523,"column":47},"end":{"line":523,"column":48}},"loc":{"start":{"line":523,"column":59},"end":{"line":539,"column":9}},"line":523},"62":{"name":"(anonymous_62)","decl":{"start":{"line":525,"column":37},"end":{"line":525,"column":38}},"loc":{"start":{"line":525,"column":51},"end":{"line":538,"column":13}},"line":525},"63":{"name":"(anonymous_63)","decl":{"start":{"line":546,"column":38},"end":{"line":546,"column":39}},"loc":{"start":{"line":546,"column":69},"end":{"line":564,"column":5}},"line":546},"64":{"name":"(anonymous_64)","decl":{"start":{"line":547,"column":47},"end":{"line":547,"column":48}},"loc":{"start":{"line":547,"column":59},"end":{"line":563,"column":9}},"line":547},"65":{"name":"(anonymous_65)","decl":{"start":{"line":549,"column":37},"end":{"line":549,"column":38}},"loc":{"start":{"line":549,"column":51},"end":{"line":562,"column":13}},"line":549},"66":{"name":"(anonymous_66)","decl":{"start":{"line":570,"column":34},"end":{"line":570,"column":35}},"loc":{"start":{"line":570,"column":61},"end":{"line":588,"column":5}},"line":570},"67":{"name":"(anonymous_67)","decl":{"start":{"line":571,"column":47},"end":{"line":571,"column":48}},"loc":{"start":{"line":571,"column":59},"end":{"line":587,"column":9}},"line":571},"68":{"name":"(anonymous_68)","decl":{"start":{"line":573,"column":37},"end":{"line":573,"column":38}},"loc":{"start":{"line":573,"column":51},"end":{"line":586,"column":13}},"line":573},"69":{"name":"(anonymous_69)","decl":{"start":{"line":593,"column":34},"end":{"line":593,"column":35}},"loc":{"start":{"line":593,"column":49},"end":{"line":632,"column":5}},"line":593},"70":{"name":"(anonymous_70)","decl":{"start":{"line":594,"column":47},"end":{"line":594,"column":48}},"loc":{"start":{"line":594,"column":59},"end":{"line":631,"column":9}},"line":594},"71":{"name":"(anonymous_71)","decl":{"start":{"line":596,"column":37},"end":{"line":596,"column":38}},"loc":{"start":{"line":596,"column":51},"end":{"line":630,"column":13}},"line":596},"72":{"name":"(anonymous_72)","decl":{"start":{"line":633,"column":32},"end":{"line":633,"column":33}},"loc":{"start":{"line":633,"column":58},"end":{"line":651,"column":5}},"line":633},"73":{"name":"(anonymous_73)","decl":{"start":{"line":634,"column":47},"end":{"line":634,"column":48}},"loc":{"start":{"line":634,"column":59},"end":{"line":650,"column":9}},"line":634},"74":{"name":"(anonymous_74)","decl":{"start":{"line":636,"column":37},"end":{"line":636,"column":38}},"loc":{"start":{"line":636,"column":51},"end":{"line":649,"column":13}},"line":636},"75":{"name":"(anonymous_75)","decl":{"start":{"line":652,"column":49},"end":{"line":652,"column":50}},"loc":{"start":{"line":652,"column":74},"end":{"line":674,"column":5}},"line":652},"76":{"name":"(anonymous_76)","decl":{"start":{"line":653,"column":47},"end":{"line":653,"column":48}},"loc":{"start":{"line":653,"column":59},"end":{"line":673,"column":9}},"line":653},"77":{"name":"(anonymous_77)","decl":{"start":{"line":655,"column":37},"end":{"line":655,"column":38}},"loc":{"start":{"line":655,"column":51},"end":{"line":672,"column":13}},"line":655},"78":{"name":"(anonymous_78)","decl":{"start":{"line":675,"column":34},"end":{"line":675,"column":35}},"loc":{"start":{"line":675,"column":60},"end":{"line":693,"column":5}},"line":675},"79":{"name":"(anonymous_79)","decl":{"start":{"line":676,"column":47},"end":{"line":676,"column":48}},"loc":{"start":{"line":676,"column":59},"end":{"line":692,"column":9}},"line":676},"80":{"name":"(anonymous_80)","decl":{"start":{"line":678,"column":37},"end":{"line":678,"column":38}},"loc":{"start":{"line":678,"column":51},"end":{"line":691,"column":13}},"line":678}},"branchMap":{"0":{"loc":{"start":{"line":2,"column":16},"end":{"line":10,"column":1}},"type":"binary-expr","locations":[{"start":{"line":2,"column":17},"end":{"line":2,"column":21}},{"start":{"line":2,"column":25},"end":{"line":2,"column":39}},{"start":{"line":2,"column":44},"end":{"line":10,"column":1}}],"line":2},"1":{"loc":{"start":{"line":3,"column":35},"end":{"line":3,"column":109}},"type":"cond-expr","locations":[{"start":{"line":3,"column":56},"end":{"line":3,"column":61}},{"start":{"line":3,"column":64},"end":{"line":3,"column":109}}],"line":3},"2":{"loc":{"start":{"line":4,"column":16},"end":{"line":4,"column":34}},"type":"binary-expr","locations":[{"start":{"line":4,"column":16},"end":{"line":4,"column":17}},{"start":{"line":4,"column":22},"end":{"line":4,"column":33}}],"line":4},"3":{"loc":{"start":{"line":7,"column":32},"end":{"line":7,"column":115}},"type":"cond-expr","locations":[{"start":{"line":7,"column":46},"end":{"line":7,"column":67}},{"start":{"line":7,"column":70},"end":{"line":7,"column":115}}],"line":7},"4":{"loc":{"start":{"line":8,"column":51},"end":{"line":8,"column":67}},"type":"binary-expr","locations":[{"start":{"line":8,"column":51},"end":{"line":8,"column":61}},{"start":{"line":8,"column":65},"end":{"line":8,"column":67}}],"line":8},"5":{"loc":{"start":{"line":11,"column":18},"end":{"line":37,"column":1}},"type":"binary-expr","locations":[{"start":{"line":11,"column":19},"end":{"line":11,"column":23}},{"start":{"line":11,"column":27},"end":{"line":11,"column":43}},{"start":{"line":11,"column":48},"end":{"line":37,"column":1}}],"line":11},"6":{"loc":{"start":{"line":12,"column":43},"end":{"line":12,"column":68}},"type":"if","locations":[{"start":{"line":12,"column":43},"end":{"line":12,"column":68}},{"start":{"line":12,"column":43},"end":{"line":12,"column":68}}],"line":12},"7":{"loc":{"start":{"line":13,"column":71},"end":{"line":13,"column":153}},"type":"binary-expr","locations":[{"start":{"line":13,"column":71},"end":{"line":13,"column":99}},{"start":{"line":13,"column":104},"end":{"line":13,"column":152}}],"line":13},"8":{"loc":{"start":{"line":16,"column":8},"end":{"line":16,"column":70}},"type":"if","locations":[{"start":{"line":16,"column":8},"end":{"line":16,"column":70}},{"start":{"line":16,"column":8},"end":{"line":16,"column":70}}],"line":16},"9":{"loc":{"start":{"line":18,"column":12},"end":{"line":18,"column":169}},"type":"if","locations":[{"start":{"line":18,"column":12},"end":{"line":18,"column":169}},{"start":{"line":18,"column":12},"end":{"line":18,"column":169}}],"line":18},"10":{"loc":{"start":{"line":18,"column":23},"end":{"line":18,"column":158}},"type":"binary-expr","locations":[{"start":{"line":18,"column":23},"end":{"line":18,"column":24}},{"start":{"line":18,"column":29},"end":{"line":18,"column":125}},{"start":{"line":18,"column":130},"end":{"line":18,"column":158}}],"line":18},"11":{"loc":{"start":{"line":18,"column":33},"end":{"line":18,"column":125}},"type":"cond-expr","locations":[{"start":{"line":18,"column":45},"end":{"line":18,"column":56}},{"start":{"line":18,"column":59},"end":{"line":18,"column":125}}],"line":18},"12":{"loc":{"start":{"line":18,"column":59},"end":{"line":18,"column":125}},"type":"cond-expr","locations":[{"start":{"line":18,"column":67},"end":{"line":18,"column":116}},{"start":{"line":18,"column":119},"end":{"line":18,"column":125}}],"line":18},"13":{"loc":{"start":{"line":18,"column":67},"end":{"line":18,"column":116}},"type":"binary-expr","locations":[{"start":{"line":18,"column":67},"end":{"line":18,"column":77}},{"start":{"line":18,"column":82},"end":{"line":18,"column":115}}],"line":18},"14":{"loc":{"start":{"line":18,"column":82},"end":{"line":18,"column":112}},"type":"binary-expr","locations":[{"start":{"line":18,"column":83},"end":{"line":18,"column":98}},{"start":{"line":18,"column":103},"end":{"line":18,"column":112}}],"line":18},"15":{"loc":{"start":{"line":19,"column":12},"end":{"line":19,"column":52}},"type":"if","locations":[{"start":{"line":19,"column":12},"end":{"line":19,"column":52}},{"start":{"line":19,"column":12},"end":{"line":19,"column":52}}],"line":19},"16":{"loc":{"start":{"line":20,"column":12},"end":{"line":32,"column":13}},"type":"switch","locations":[{"start":{"line":21,"column":16},"end":{"line":21,"column":23}},{"start":{"line":21,"column":24},"end":{"line":21,"column":46}},{"start":{"line":22,"column":16},"end":{"line":22,"column":72}},{"start":{"line":23,"column":16},"end":{"line":23,"column":65}},{"start":{"line":24,"column":16},"end":{"line":24,"column":65}},{"start":{"line":25,"column":16},"end":{"line":31,"column":43}}],"line":20},"17":{"loc":{"start":{"line":26,"column":20},"end":{"line":26,"column":128}},"type":"if","locations":[{"start":{"line":26,"column":20},"end":{"line":26,"column":128}},{"start":{"line":26,"column":20},"end":{"line":26,"column":128}}],"line":26},"18":{"loc":{"start":{"line":26,"column":24},"end":{"line":26,"column":106}},"type":"binary-expr","locations":[{"start":{"line":26,"column":24},"end":{"line":26,"column":74}},{"start":{"line":26,"column":79},"end":{"line":26,"column":90}},{"start":{"line":26,"column":94},"end":{"line":26,"column":105}}],"line":26},"19":{"loc":{"start":{"line":26,"column":42},"end":{"line":26,"column":73}},"type":"binary-expr","locations":[{"start":{"line":26,"column":42},"end":{"line":26,"column":54}},{"start":{"line":26,"column":58},"end":{"line":26,"column":73}}],"line":26},"20":{"loc":{"start":{"line":27,"column":20},"end":{"line":27,"column":106}},"type":"if","locations":[{"start":{"line":27,"column":20},"end":{"line":27,"column":106}},{"start":{"line":27,"column":20},"end":{"line":27,"column":106}}],"line":27},"21":{"loc":{"start":{"line":27,"column":24},"end":{"line":27,"column":77}},"type":"binary-expr","locations":[{"start":{"line":27,"column":24},"end":{"line":27,"column":35}},{"start":{"line":27,"column":40},"end":{"line":27,"column":42}},{"start":{"line":27,"column":47},"end":{"line":27,"column":59}},{"start":{"line":27,"column":63},"end":{"line":27,"column":75}}],"line":27},"22":{"loc":{"start":{"line":28,"column":20},"end":{"line":28,"column":89}},"type":"if","locations":[{"start":{"line":28,"column":20},"end":{"line":28,"column":89}},{"start":{"line":28,"column":20},"end":{"line":28,"column":89}}],"line":28},"23":{"loc":{"start":{"line":28,"column":24},"end":{"line":28,"column":53}},"type":"binary-expr","locations":[{"start":{"line":28,"column":24},"end":{"line":28,"column":35}},{"start":{"line":28,"column":39},"end":{"line":28,"column":53}}],"line":28},"24":{"loc":{"start":{"line":29,"column":20},"end":{"line":29,"column":87}},"type":"if","locations":[{"start":{"line":29,"column":20},"end":{"line":29,"column":87}},{"start":{"line":29,"column":20},"end":{"line":29,"column":87}}],"line":29},"25":{"loc":{"start":{"line":29,"column":24},"end":{"line":29,"column":43}},"type":"binary-expr","locations":[{"start":{"line":29,"column":24},"end":{"line":29,"column":25}},{"start":{"line":29,"column":29},"end":{"line":29,"column":43}}],"line":29},"26":{"loc":{"start":{"line":30,"column":20},"end":{"line":30,"column":42}},"type":"if","locations":[{"start":{"line":30,"column":20},"end":{"line":30,"column":42}},{"start":{"line":30,"column":20},"end":{"line":30,"column":42}}],"line":30},"27":{"loc":{"start":{"line":35,"column":8},"end":{"line":35,"column":35}},"type":"if","locations":[{"start":{"line":35,"column":8},"end":{"line":35,"column":35}},{"start":{"line":35,"column":8},"end":{"line":35,"column":35}}],"line":35},"28":{"loc":{"start":{"line":35,"column":52},"end":{"line":35,"column":74}},"type":"cond-expr","locations":[{"start":{"line":35,"column":60},"end":{"line":35,"column":65}},{"start":{"line":35,"column":68},"end":{"line":35,"column":74}}],"line":35},"29":{"loc":{"start":{"line":52,"column":16},"end":{"line":65,"column":17}},"type":"switch","locations":[{"start":{"line":53,"column":20},"end":{"line":56,"column":84}},{"start":{"line":57,"column":20},"end":{"line":60,"column":55}},{"start":{"line":61,"column":20},"end":{"line":63,"column":38}},{"start":{"line":64,"column":20},"end":{"line":64,"column":50}}],"line":52},"30":{"loc":{"start":{"line":78,"column":16},"end":{"line":89,"column":17}},"type":"switch","locations":[{"start":{"line":79,"column":20},"end":{"line":81,"column":61}},{"start":{"line":82,"column":20},"end":{"line":84,"column":92}},{"start":{"line":85,"column":20},"end":{"line":87,"column":38}},{"start":{"line":88,"column":20},"end":{"line":88,"column":50}}],"line":78},"31":{"loc":{"start":{"line":103,"column":16},"end":{"line":119,"column":17}},"type":"switch","locations":[{"start":{"line":104,"column":20},"end":{"line":106,"column":61}},{"start":{"line":107,"column":20},"end":{"line":114,"column":32}},{"start":{"line":115,"column":20},"end":{"line":117,"column":38}},{"start":{"line":118,"column":20},"end":{"line":118,"column":50}}],"line":103},"32":{"loc":{"start":{"line":133,"column":16},"end":{"line":144,"column":17}},"type":"switch","locations":[{"start":{"line":134,"column":20},"end":{"line":136,"column":61}},{"start":{"line":137,"column":20},"end":{"line":139,"column":103}},{"start":{"line":140,"column":20},"end":{"line":142,"column":38}},{"start":{"line":143,"column":20},"end":{"line":143,"column":50}}],"line":133},"33":{"loc":{"start":{"line":158,"column":16},"end":{"line":169,"column":17}},"type":"switch","locations":[{"start":{"line":159,"column":20},"end":{"line":161,"column":61}},{"start":{"line":162,"column":20},"end":{"line":164,"column":114}},{"start":{"line":165,"column":20},"end":{"line":167,"column":38}},{"start":{"line":168,"column":20},"end":{"line":168,"column":50}}],"line":158},"34":{"loc":{"start":{"line":184,"column":16},"end":{"line":199,"column":17}},"type":"switch","locations":[{"start":{"line":185,"column":20},"end":{"line":187,"column":61}},{"start":{"line":188,"column":20},"end":{"line":194,"column":106}},{"start":{"line":195,"column":20},"end":{"line":197,"column":38}},{"start":{"line":198,"column":20},"end":{"line":198,"column":50}}],"line":184},"35":{"loc":{"start":{"line":213,"column":16},"end":{"line":243,"column":17}},"type":"switch","locations":[{"start":{"line":214,"column":20},"end":{"line":216,"column":61}},{"start":{"line":217,"column":20},"end":{"line":238,"column":42}},{"start":{"line":239,"column":20},"end":{"line":241,"column":38}},{"start":{"line":242,"column":20},"end":{"line":242,"column":50}}],"line":213},"36":{"loc":{"start":{"line":257,"column":16},"end":{"line":268,"column":17}},"type":"switch","locations":[{"start":{"line":258,"column":20},"end":{"line":260,"column":61}},{"start":{"line":261,"column":20},"end":{"line":263,"column":90}},{"start":{"line":264,"column":20},"end":{"line":266,"column":38}},{"start":{"line":267,"column":20},"end":{"line":267,"column":50}}],"line":257},"37":{"loc":{"start":{"line":282,"column":16},"end":{"line":302,"column":17}},"type":"switch","locations":[{"start":{"line":283,"column":20},"end":{"line":285,"column":61}},{"start":{"line":286,"column":20},"end":{"line":297,"column":42}},{"start":{"line":298,"column":20},"end":{"line":300,"column":38}},{"start":{"line":301,"column":20},"end":{"line":301,"column":50}}],"line":282},"38":{"loc":{"start":{"line":316,"column":16},"end":{"line":339,"column":17}},"type":"switch","locations":[{"start":{"line":317,"column":20},"end":{"line":319,"column":61}},{"start":{"line":320,"column":20},"end":{"line":334,"column":42}},{"start":{"line":335,"column":20},"end":{"line":337,"column":39}},{"start":{"line":338,"column":20},"end":{"line":338,"column":50}}],"line":316},"39":{"loc":{"start":{"line":353,"column":16},"end":{"line":368,"column":17}},"type":"switch","locations":[{"start":{"line":354,"column":20},"end":{"line":356,"column":61}},{"start":{"line":357,"column":20},"end":{"line":363,"column":42}},{"start":{"line":364,"column":20},"end":{"line":366,"column":39}},{"start":{"line":367,"column":20},"end":{"line":367,"column":50}}],"line":353},"40":{"loc":{"start":{"line":382,"column":16},"end":{"line":397,"column":17}},"type":"switch","locations":[{"start":{"line":383,"column":20},"end":{"line":385,"column":61}},{"start":{"line":386,"column":20},"end":{"line":392,"column":42}},{"start":{"line":393,"column":20},"end":{"line":395,"column":39}},{"start":{"line":396,"column":20},"end":{"line":396,"column":50}}],"line":382},"41":{"loc":{"start":{"line":411,"column":16},"end":{"line":426,"column":17}},"type":"switch","locations":[{"start":{"line":412,"column":20},"end":{"line":414,"column":61}},{"start":{"line":415,"column":20},"end":{"line":421,"column":42}},{"start":{"line":422,"column":20},"end":{"line":424,"column":39}},{"start":{"line":425,"column":20},"end":{"line":425,"column":50}}],"line":411},"42":{"loc":{"start":{"line":440,"column":16},"end":{"line":451,"column":17}},"type":"switch","locations":[{"start":{"line":441,"column":20},"end":{"line":443,"column":61}},{"start":{"line":444,"column":20},"end":{"line":446,"column":95}},{"start":{"line":447,"column":20},"end":{"line":449,"column":39}},{"start":{"line":450,"column":20},"end":{"line":450,"column":50}}],"line":440},"43":{"loc":{"start":{"line":465,"column":16},"end":{"line":512,"column":17}},"type":"switch","locations":[{"start":{"line":466,"column":20},"end":{"line":468,"column":61}},{"start":{"line":469,"column":20},"end":{"line":507,"column":42}},{"start":{"line":508,"column":20},"end":{"line":510,"column":39}},{"start":{"line":511,"column":20},"end":{"line":511,"column":50}}],"line":465},"44":{"loc":{"start":{"line":526,"column":16},"end":{"line":537,"column":17}},"type":"switch","locations":[{"start":{"line":527,"column":20},"end":{"line":529,"column":61}},{"start":{"line":530,"column":20},"end":{"line":532,"column":109}},{"start":{"line":533,"column":20},"end":{"line":535,"column":39}},{"start":{"line":536,"column":20},"end":{"line":536,"column":50}}],"line":526},"45":{"loc":{"start":{"line":550,"column":16},"end":{"line":561,"column":17}},"type":"switch","locations":[{"start":{"line":551,"column":20},"end":{"line":553,"column":61}},{"start":{"line":554,"column":20},"end":{"line":556,"column":121}},{"start":{"line":557,"column":20},"end":{"line":559,"column":39}},{"start":{"line":560,"column":20},"end":{"line":560,"column":50}}],"line":550},"46":{"loc":{"start":{"line":574,"column":16},"end":{"line":585,"column":17}},"type":"switch","locations":[{"start":{"line":575,"column":20},"end":{"line":577,"column":61}},{"start":{"line":578,"column":20},"end":{"line":580,"column":95}},{"start":{"line":581,"column":20},"end":{"line":583,"column":39}},{"start":{"line":584,"column":20},"end":{"line":584,"column":50}}],"line":574},"47":{"loc":{"start":{"line":597,"column":16},"end":{"line":629,"column":17}},"type":"switch","locations":[{"start":{"line":598,"column":20},"end":{"line":600,"column":61}},{"start":{"line":601,"column":20},"end":{"line":624,"column":42}},{"start":{"line":625,"column":20},"end":{"line":627,"column":39}},{"start":{"line":628,"column":20},"end":{"line":628,"column":50}}],"line":597},"48":{"loc":{"start":{"line":637,"column":16},"end":{"line":648,"column":17}},"type":"switch","locations":[{"start":{"line":638,"column":20},"end":{"line":640,"column":61}},{"start":{"line":641,"column":20},"end":{"line":643,"column":98}},{"start":{"line":644,"column":20},"end":{"line":646,"column":39}},{"start":{"line":647,"column":20},"end":{"line":647,"column":50}}],"line":637},"49":{"loc":{"start":{"line":656,"column":16},"end":{"line":671,"column":17}},"type":"switch","locations":[{"start":{"line":657,"column":20},"end":{"line":660,"column":37}},{"start":{"line":661,"column":20},"end":{"line":663,"column":61}},{"start":{"line":664,"column":20},"end":{"line":666,"column":123}},{"start":{"line":667,"column":20},"end":{"line":669,"column":39}},{"start":{"line":670,"column":20},"end":{"line":670,"column":50}}],"line":656},"50":{"loc":{"start":{"line":679,"column":16},"end":{"line":690,"column":17}},"type":"switch","locations":[{"start":{"line":680,"column":20},"end":{"line":682,"column":61}},{"start":{"line":683,"column":20},"end":{"line":685,"column":120}},{"start":{"line":686,"column":20},"end":{"line":688,"column":39}},{"start":{"line":689,"column":20},"end":{"line":689,"column":50}}],"line":679}},"s":{"0":11,"1":46,"2":0,"3":46,"4":0,"5":0,"6":0,"7":0,"8":0,"9":0,"10":46,"11":46,"12":11,"13":46,"14":0,"15":0,"16":0,"17":46,"18":0,"19":138,"20":46,"21":46,"22":0,"23":46,"24":92,"25":92,"26":0,"27":92,"28":0,"29":92,"30":46,"31":46,"32":46,"33":46,"34":0,"35":0,"36":0,"37":0,"38":0,"39":0,"40":0,"41":0,"42":0,"43":0,"44":0,"45":0,"46":0,"47":0,"48":0,"49":0,"50":0,"51":0,"52":0,"53":0,"54":0,"55":0,"56":0,"57":0,"58":0,"59":46,"60":0,"61":0,"62":92,"63":0,"64":0,"65":0,"66":11,"67":11,"68":11,"69":11,"70":24,"71":24,"72":24,"73":24,"74":24,"75":24,"76":0,"77":0,"78":0,"79":0,"80":0,"81":0,"82":11,"83":4,"84":4,"85":4,"86":4,"87":4,"88":0,"89":0,"90":0,"91":0,"92":0,"93":11,"94":2,"95":2,"96":2,"97":2,"98":2,"99":0,"100":0,"101":0,"102":0,"103":0,"104":11,"105":2,"106":2,"107":2,"108":2,"109":2,"110":0,"111":0,"112":0,"113":0,"114":0,"115":11,"116":2,"117":2,"118":2,"119":2,"120":2,"121":0,"122":0,"123":0,"124":0,"125":0,"126":11,"127":0,"128":0,"129":0,"130":0,"131":0,"132":0,"133":0,"134":0,"135":0,"136":0,"137":0,"138":0,"139":11,"140":2,"141":2,"142":2,"143":2,"144":2,"145":0,"146":0,"147":0,"148":0,"149":0,"150":11,"151":2,"152":2,"153":2,"154":2,"155":2,"156":0,"157":0,"158":0,"159":0,"160":0,"161":11,"162":2,"163":2,"164":2,"165":2,"166":2,"167":0,"168":0,"169":0,"170":0,"171":0,"172":11,"173":2,"174":2,"175":2,"176":2,"177":2,"178":0,"179":0,"180":0,"181":0,"182":0,"183":11,"184":2,"185":2,"186":2,"187":2,"188":2,"189":0,"190":0,"191":0,"192":0,"193":0,"194":11,"195":0,"196":0,"197":0,"198":0,"199":0,"200":0,"201":0,"202":0,"203":0,"204":0,"205":11,"206":2,"207":2,"208":2,"209":2,"210":2,"211":0,"212":0,"213":0,"214":0,"215":0,"216":11,"217":0,"218":0,"219":0,"220":0,"221":0,"222":0,"223":0,"224":0,"225":0,"226":0,"227":11,"228":0,"229":0,"230":0,"231":0,"232":0,"233":0,"234":0,"235":0,"236":0,"237":0,"238":11,"239":0,"240":0,"241":0,"242":0,"243":0,"244":0,"245":0,"246":0,"247":0,"248":0,"249":11,"250":0,"251":0,"252":0,"253":0,"254":0,"255":0,"256":0,"257":0,"258":0,"259":0,"260":11,"261":0,"262":0,"263":0,"264":0,"265":0,"266":0,"267":0,"268":0,"269":0,"270":0,"271":11,"272":0,"273":0,"274":0,"275":0,"276":0,"277":0,"278":0,"279":0,"280":0,"281":0,"282":11,"283":0,"284":0,"285":0,"286":0,"287":0,"288":0,"289":0,"290":0,"291":0,"292":0,"293":11,"294":0,"295":0,"296":0,"297":0,"298":0,"299":0,"300":0,"301":0,"302":0,"303":0,"304":0,"305":0,"306":0,"307":11,"308":0,"309":0,"310":0,"311":0,"312":0,"313":0,"314":0,"315":0,"316":0,"317":0,"318":11,"319":11},"f":{"0":46,"1":46,"2":0,"3":46,"4":0,"5":0,"6":46,"7":46,"8":0,"9":0,"10":138,"11":46,"12":46,"13":11,"14":11,"15":24,"16":24,"17":24,"18":4,"19":4,"20":4,"21":2,"22":2,"23":2,"24":2,"25":2,"26":2,"27":2,"28":2,"29":2,"30":0,"31":0,"32":0,"33":2,"34":2,"35":2,"36":2,"37":2,"38":2,"39":2,"40":2,"41":2,"42":2,"43":2,"44":2,"45":2,"46":2,"47":2,"48":0,"49":0,"50":0,"51":2,"52":2,"53":2,"54":0,"55":0,"56":0,"57":0,"58":0,"59":0,"60":0,"61":0,"62":0,"63":0,"64":0,"65":0,"66":0,"67":0,"68":0,"69":0,"70":0,"71":0,"72":0,"73":0,"74":0,"75":0,"76":0,"77":0,"78":0,"79":0,"80":0},"b":{"0":[11,11,11],"1":[46,0],"2":[46,46],"3":[0,46],"4":[46,46],"5":[11,11,11],"6":[0,0],"7":[46,46],"8":[0,46],"9":[0,92],"10":[92,0,0],"11":[0,0],"12":[0,0],"13":[0,0],"14":[0,0],"15":[0,92],"16":[46,46,46,0,0,0],"17":[0,0],"18":[0,0,0],"19":[0,0],"20":[0,0],"21":[0,0,0,0],"22":[0,0],"23":[0,0],"24":[0,0],"25":[0,0],"26":[0,0],"27":[0,0],"28":[0,0],"29":[24,0,0,0],"30":[4,0,0,0],"31":[2,0,0,0],"32":[2,0,0,0],"33":[2,0,0,0],"34":[0,0,0,0],"35":[2,0,0,0],"36":[2,0,0,0],"37":[2,0,0,0],"38":[2,0,0,0],"39":[2,0,0,0],"40":[0,0,0,0],"41":[2,0,0,0],"42":[0,0,0,0],"43":[0,0,0,0],"44":[0,0,0,0],"45":[0,0,0,0],"46":[0,0,0,0],"47":[0,0,0,0],"48":[0,0,0,0],"49":[0,0,0,0,0],"50":[0,0,0,0]},"_coverageSchema":"43e27e138ebf9cfc5966b082cf9a028302ed4184","hash":"2d8b540c1818692cefe45914f4296fa0ae428962"}
,"/Users/Nicholas/Desktop/School/seng350/project/seng350f19-project-3-10/BillSplit/src/app.js": {"path":"/Users/Nicholas/Desktop/School/seng350/project/seng350f19-project-3-10/BillSplit/src/app.js","statementMap":{"0":{"start":{"line":2,"column":22},"end":{"line":4,"column":1}},"1":{"start":{"line":3,"column":4},"end":{"line":3,"column":62}},"2":{"start":{"line":5,"column":0},"end":{"line":5,"column":26}},"3":{"start":{"line":6,"column":20},"end":{"line":6,"column":59}},"4":{"start":{"line":7,"column":22},"end":{"line":7,"column":63}},"5":{"start":{"line":8,"column":21},"end":{"line":8,"column":61}},"6":{"start":{"line":9,"column":16},"end":{"line":9,"column":51}},"7":{"start":{"line":10,"column":15},"end":{"line":10,"column":49}},"8":{"start":{"line":11,"column":13},"end":{"line":11,"column":45}},"9":{"start":{"line":12,"column":23},"end":{"line":12,"column":61}},"10":{"start":{"line":13,"column":24},"end":{"line":13,"column":63}},"11":{"start":{"line":14,"column":23},"end":{"line":14,"column":61}},"12":{"start":{"line":15,"column":23},"end":{"line":15,"column":61}},"13":{"start":{"line":16,"column":23},"end":{"line":16,"column":61}},"14":{"start":{"line":22,"column":28},"end":{"line":104,"column":3}},"15":{"start":{"line":30,"column":8},"end":{"line":30,"column":34}},"16":{"start":{"line":32,"column":8},"end":{"line":32,"column":42}},"17":{"start":{"line":34,"column":8},"end":{"line":34,"column":22}},"18":{"start":{"line":36,"column":8},"end":{"line":36,"column":22}},"19":{"start":{"line":46,"column":4},"end":{"line":48,"column":6}},"20":{"start":{"line":47,"column":8},"end":{"line":47,"column":28}},"21":{"start":{"line":55,"column":4},"end":{"line":84,"column":6}},"22":{"start":{"line":57,"column":8},"end":{"line":57,"column":98}},"23":{"start":{"line":58,"column":8},"end":{"line":58,"column":98}},"24":{"start":{"line":59,"column":8},"end":{"line":59,"column":102}},"25":{"start":{"line":60,"column":8},"end":{"line":60,"column":113}},"26":{"start":{"line":62,"column":8},"end":{"line":62,"column":60}},"27":{"start":{"line":63,"column":8},"end":{"line":63,"column":67}},"28":{"start":{"line":65,"column":8},"end":{"line":65,"column":77}},"29":{"start":{"line":66,"column":8},"end":{"line":66,"column":43}},"30":{"start":{"line":68,"column":8},"end":{"line":68,"column":49}},"31":{"start":{"line":70,"column":8},"end":{"line":70,"column":54}},"32":{"start":{"line":72,"column":8},"end":{"line":74,"column":12}},"33":{"start":{"line":76,"column":8},"end":{"line":76,"column":69}},"34":{"start":{"line":78,"column":8},"end":{"line":81,"column":11}},"35":{"start":{"line":79,"column":12},"end":{"line":79,"column":29}},"36":{"start":{"line":80,"column":12},"end":{"line":80,"column":22}},"37":{"start":{"line":83,"column":8},"end":{"line":83,"column":50}},"38":{"start":{"line":92,"column":4},"end":{"line":102,"column":6}},"39":{"start":{"line":94,"column":8},"end":{"line":94,"column":47}},"40":{"start":{"line":95,"column":8},"end":{"line":95,"column":55}},"41":{"start":{"line":96,"column":8},"end":{"line":96,"column":55}},"42":{"start":{"line":97,"column":8},"end":{"line":97,"column":55}},"43":{"start":{"line":98,"column":8},"end":{"line":98,"column":55}},"44":{"start":{"line":99,"column":8},"end":{"line":99,"column":57}},"45":{"start":{"line":101,"column":8},"end":{"line":101,"column":29}},"46":{"start":{"line":103,"column":4},"end":{"line":103,"column":18}},"47":{"start":{"line":105,"column":0},"end":{"line":105,"column":24}}},"fnMap":{"0":{"name":"(anonymous_0)","decl":{"start":{"line":2,"column":56},"end":{"line":2,"column":57}},"loc":{"start":{"line":2,"column":71},"end":{"line":4,"column":1}},"line":2},"1":{"name":"(anonymous_1)","decl":{"start":{"line":22,"column":28},"end":{"line":22,"column":29}},"loc":{"start":{"line":22,"column":40},"end":{"line":104,"column":1}},"line":22},"2":{"name":"Server","decl":{"start":{"line":29,"column":13},"end":{"line":29,"column":19}},"loc":{"start":{"line":29,"column":22},"end":{"line":37,"column":5}},"line":29},"3":{"name":"(anonymous_3)","decl":{"start":{"line":46,"column":23},"end":{"line":46,"column":24}},"loc":{"start":{"line":46,"column":35},"end":{"line":48,"column":5}},"line":46},"4":{"name":"(anonymous_4)","decl":{"start":{"line":55,"column":30},"end":{"line":55,"column":31}},"loc":{"start":{"line":55,"column":42},"end":{"line":84,"column":5}},"line":55},"5":{"name":"(anonymous_5)","decl":{"start":{"line":78,"column":21},"end":{"line":78,"column":22}},"loc":{"start":{"line":78,"column":52},"end":{"line":81,"column":9}},"line":78},"6":{"name":"(anonymous_6)","decl":{"start":{"line":92,"column":30},"end":{"line":92,"column":31}},"loc":{"start":{"line":92,"column":42},"end":{"line":102,"column":5}},"line":92}},"branchMap":{"0":{"loc":{"start":{"line":2,"column":22},"end":{"line":4,"column":1}},"type":"binary-expr","locations":[{"start":{"line":2,"column":23},"end":{"line":2,"column":27}},{"start":{"line":2,"column":31},"end":{"line":2,"column":51}},{"start":{"line":2,"column":56},"end":{"line":4,"column":1}}],"line":2},"1":{"loc":{"start":{"line":3,"column":11},"end":{"line":3,"column":61}},"type":"cond-expr","locations":[{"start":{"line":3,"column":37},"end":{"line":3,"column":40}},{"start":{"line":3,"column":43},"end":{"line":3,"column":61}}],"line":3},"2":{"loc":{"start":{"line":3,"column":12},"end":{"line":3,"column":33}},"type":"binary-expr","locations":[{"start":{"line":3,"column":12},"end":{"line":3,"column":15}},{"start":{"line":3,"column":19},"end":{"line":3,"column":33}}],"line":3}},"s":{"0":8,"1":48,"2":8,"3":8,"4":8,"5":8,"6":8,"7":8,"8":8,"9":8,"10":8,"11":8,"12":8,"13":8,"14":8,"15":8,"16":8,"17":8,"18":8,"19":8,"20":8,"21":8,"22":8,"23":8,"24":8,"25":8,"26":8,"27":8,"28":8,"29":8,"30":8,"31":8,"32":8,"33":8,"34":8,"35":0,"36":0,"37":8,"38":8,"39":8,"40":8,"41":8,"42":8,"43":8,"44":8,"45":8,"46":8,"47":8},"f":{"0":48,"1":8,"2":8,"3":8,"4":8,"5":0,"6":8},"b":{"0":[8,8,8],"1":[0,48],"2":[48,48]},"_coverageSchema":"43e27e138ebf9cfc5966b082cf9a028302ed4184","hash":"c011e44ce286b98e6e2ce933dafd06472477a267"}
,"/Users/Nicholas/Desktop/School/seng350/project/seng350f19-project-3-10/BillSplit/src/enviro.js": {"path":"/Users/Nicholas/Desktop/School/seng350/project/seng350f19-project-3-10/BillSplit/src/enviro.js","statementMap":{"0":{"start":{"line":2,"column":0},"end":{"line":2,"column":26}},"1":{"start":{"line":3,"column":15},"end":{"line":3,"column":32}},"2":{"start":{"line":4,"column":13},"end":{"line":4,"column":28}},"3":{"start":{"line":5,"column":0},"end":{"line":5,"column":64}}},"fnMap":{},"branchMap":{},"s":{"0":11,"1":11,"2":11,"3":11},"f":{},"b":{},"_coverageSchema":"43e27e138ebf9cfc5966b082cf9a028302ed4184","hash":"2e40e5a3c64ede3e93ad893e1cdc6be33e151a39"}
,"/Users/Nicholas/Desktop/School/seng350/project/seng350f19-project-3-10/BillSplit/src/baseClasses/Bill.js": {"path":"/Users/Nicholas/Desktop/School/seng350/project/seng350f19-project-3-10/BillSplit/src/baseClasses/Bill.js","statementMap":{"0":{"start":{"line":2,"column":16},"end":{"line":14,"column":4}},"1":{"start":{"line":3,"column":24},"end":{"line":8,"column":5}},"2":{"start":{"line":4,"column":8},"end":{"line":6,"column":87}},"3":{"start":{"line":5,"column":69},"end":{"line":5,"column":85}},"4":{"start":{"line":6,"column":30},"end":{"line":6,"column":84}},"5":{"start":{"line":6,"column":47},"end":{"line":6,"column":84}},"6":{"start":{"line":6,"column":72},"end":{"line":6,"column":84}},"7":{"start":{"line":7,"column":8},"end":{"line":7,"column":35}},"8":{"start":{"line":9,"column":4},"end":{"line":13,"column":6}},"9":{"start":{"line":10,"column":8},"end":{"line":10,"column":28}},"10":{"start":{"line":11,"column":24},"end":{"line":11,"column":45}},"11":{"start":{"line":12,"column":8},"end":{"line":12,"column":93}},"12":{"start":{"line":15,"column":0},"end":{"line":15,"column":26}},"13":{"start":{"line":16,"column":14},"end":{"line":16,"column":32}},"14":{"start":{"line":17,"column":26},"end":{"line":25,"column":20}},"15":{"start":{"line":18,"column":4},"end":{"line":18,"column":28}},"16":{"start":{"line":20,"column":20},"end":{"line":20,"column":45}},"17":{"start":{"line":21,"column":8},"end":{"line":21,"column":28}},"18":{"start":{"line":22,"column":8},"end":{"line":22,"column":21}},"19":{"start":{"line":24,"column":4},"end":{"line":24,"column":16}},"20":{"start":{"line":26,"column":0},"end":{"line":26,"column":20}}},"fnMap":{"0":{"name":"(anonymous_0)","decl":{"start":{"line":2,"column":45},"end":{"line":2,"column":46}},"loc":{"start":{"line":2,"column":57},"end":{"line":14,"column":1}},"line":2},"1":{"name":"(anonymous_1)","decl":{"start":{"line":3,"column":24},"end":{"line":3,"column":25}},"loc":{"start":{"line":3,"column":40},"end":{"line":8,"column":5}},"line":3},"2":{"name":"(anonymous_2)","decl":{"start":{"line":5,"column":51},"end":{"line":5,"column":52}},"loc":{"start":{"line":5,"column":67},"end":{"line":5,"column":87}},"line":5},"3":{"name":"(anonymous_3)","decl":{"start":{"line":6,"column":12},"end":{"line":6,"column":13}},"loc":{"start":{"line":6,"column":28},"end":{"line":6,"column":86}},"line":6},"4":{"name":"(anonymous_4)","decl":{"start":{"line":9,"column":11},"end":{"line":9,"column":12}},"loc":{"start":{"line":9,"column":27},"end":{"line":13,"column":5}},"line":9},"5":{"name":"__","decl":{"start":{"line":11,"column":17},"end":{"line":11,"column":19}},"loc":{"start":{"line":11,"column":22},"end":{"line":11,"column":47}},"line":11},"6":{"name":"(anonymous_6)","decl":{"start":{"line":17,"column":26},"end":{"line":17,"column":27}},"loc":{"start":{"line":17,"column":44},"end":{"line":25,"column":1}},"line":17},"7":{"name":"Bill","decl":{"start":{"line":19,"column":13},"end":{"line":19,"column":17}},"loc":{"start":{"line":19,"column":25},"end":{"line":23,"column":5}},"line":19}},"branchMap":{"0":{"loc":{"start":{"line":2,"column":16},"end":{"line":14,"column":4}},"type":"binary-expr","locations":[{"start":{"line":2,"column":17},"end":{"line":2,"column":21}},{"start":{"line":2,"column":25},"end":{"line":2,"column":39}},{"start":{"line":2,"column":44},"end":{"line":14,"column":4}}],"line":2},"1":{"loc":{"start":{"line":4,"column":24},"end":{"line":6,"column":86}},"type":"binary-expr","locations":[{"start":{"line":4,"column":24},"end":{"line":4,"column":45}},{"start":{"line":5,"column":13},"end":{"line":5,"column":47}},{"start":{"line":5,"column":51},"end":{"line":5,"column":87}},{"start":{"line":6,"column":12},"end":{"line":6,"column":86}}],"line":4},"2":{"loc":{"start":{"line":6,"column":47},"end":{"line":6,"column":84}},"type":"if","locations":[{"start":{"line":6,"column":47},"end":{"line":6,"column":84}},{"start":{"line":6,"column":47},"end":{"line":6,"column":84}}],"line":6},"3":{"loc":{"start":{"line":12,"column":22},"end":{"line":12,"column":92}},"type":"cond-expr","locations":[{"start":{"line":12,"column":35},"end":{"line":12,"column":51}},{"start":{"line":12,"column":55},"end":{"line":12,"column":91}}],"line":12},"4":{"loc":{"start":{"line":20,"column":20},"end":{"line":20,"column":45}},"type":"binary-expr","locations":[{"start":{"line":20,"column":20},"end":{"line":20,"column":37}},{"start":{"line":20,"column":41},"end":{"line":20,"column":45}}],"line":20}},"s":{"0":10,"1":10,"2":10,"3":0,"4":0,"5":0,"6":0,"7":10,"8":10,"9":10,"10":10,"11":10,"12":10,"13":10,"14":10,"15":10,"16":8,"17":8,"18":8,"19":10,"20":10},"f":{"0":10,"1":10,"2":0,"3":0,"4":10,"5":10,"6":10,"7":8},"b":{"0":[10,10,10],"1":[10,0,0,0],"2":[0,0],"3":[0,10],"4":[8,8]},"_coverageSchema":"43e27e138ebf9cfc5966b082cf9a028302ed4184","hash":"26623bf5f7fc30dfb246bc20b21b99d53bdc6225"}
,"/Users/Nicholas/Desktop/School/seng350/project/seng350f19-project-3-10/BillSplit/src/baseClasses/Group.js": {"path":"/Users/Nicholas/Desktop/School/seng350/project/seng350f19-project-3-10/BillSplit/src/baseClasses/Group.js","statementMap":{"0":{"start":{"line":11,"column":16},"end":{"line":23,"column":4}},"1":{"start":{"line":12,"column":24},"end":{"line":17,"column":5}},"2":{"start":{"line":13,"column":8},"end":{"line":15,"column":87}},"3":{"start":{"line":14,"column":69},"end":{"line":14,"column":85}},"4":{"start":{"line":15,"column":30},"end":{"line":15,"column":84}},"5":{"start":{"line":15,"column":47},"end":{"line":15,"column":84}},"6":{"start":{"line":15,"column":72},"end":{"line":15,"column":84}},"7":{"start":{"line":16,"column":8},"end":{"line":16,"column":35}},"8":{"start":{"line":18,"column":4},"end":{"line":22,"column":6}},"9":{"start":{"line":19,"column":8},"end":{"line":19,"column":28}},"10":{"start":{"line":20,"column":24},"end":{"line":20,"column":45}},"11":{"start":{"line":21,"column":8},"end":{"line":21,"column":93}},"12":{"start":{"line":24,"column":0},"end":{"line":24,"column":26}},"13":{"start":{"line":25,"column":14},"end":{"line":25,"column":32}},"14":{"start":{"line":26,"column":27},"end":{"line":32,"column":20}},"15":{"start":{"line":27,"column":4},"end":{"line":27,"column":29}},"16":{"start":{"line":29,"column":8},"end":{"line":29,"column":41}},"17":{"start":{"line":31,"column":4},"end":{"line":31,"column":17}},"18":{"start":{"line":33,"column":0},"end":{"line":33,"column":22}}},"fnMap":{"0":{"name":"(anonymous_0)","decl":{"start":{"line":11,"column":45},"end":{"line":11,"column":46}},"loc":{"start":{"line":11,"column":57},"end":{"line":23,"column":1}},"line":11},"1":{"name":"(anonymous_1)","decl":{"start":{"line":12,"column":24},"end":{"line":12,"column":25}},"loc":{"start":{"line":12,"column":40},"end":{"line":17,"column":5}},"line":12},"2":{"name":"(anonymous_2)","decl":{"start":{"line":14,"column":51},"end":{"line":14,"column":52}},"loc":{"start":{"line":14,"column":67},"end":{"line":14,"column":87}},"line":14},"3":{"name":"(anonymous_3)","decl":{"start":{"line":15,"column":12},"end":{"line":15,"column":13}},"loc":{"start":{"line":15,"column":28},"end":{"line":15,"column":86}},"line":15},"4":{"name":"(anonymous_4)","decl":{"start":{"line":18,"column":11},"end":{"line":18,"column":12}},"loc":{"start":{"line":18,"column":27},"end":{"line":22,"column":5}},"line":18},"5":{"name":"__","decl":{"start":{"line":20,"column":17},"end":{"line":20,"column":19}},"loc":{"start":{"line":20,"column":22},"end":{"line":20,"column":47}},"line":20},"6":{"name":"(anonymous_6)","decl":{"start":{"line":26,"column":27},"end":{"line":26,"column":28}},"loc":{"start":{"line":26,"column":45},"end":{"line":32,"column":1}},"line":26},"7":{"name":"Group","decl":{"start":{"line":28,"column":13},"end":{"line":28,"column":18}},"loc":{"start":{"line":28,"column":21},"end":{"line":30,"column":5}},"line":28}},"branchMap":{"0":{"loc":{"start":{"line":11,"column":16},"end":{"line":23,"column":4}},"type":"binary-expr","locations":[{"start":{"line":11,"column":17},"end":{"line":11,"column":21}},{"start":{"line":11,"column":25},"end":{"line":11,"column":39}},{"start":{"line":11,"column":44},"end":{"line":23,"column":4}}],"line":11},"1":{"loc":{"start":{"line":13,"column":24},"end":{"line":15,"column":86}},"type":"binary-expr","locations":[{"start":{"line":13,"column":24},"end":{"line":13,"column":45}},{"start":{"line":14,"column":13},"end":{"line":14,"column":47}},{"start":{"line":14,"column":51},"end":{"line":14,"column":87}},{"start":{"line":15,"column":12},"end":{"line":15,"column":86}}],"line":13},"2":{"loc":{"start":{"line":15,"column":47},"end":{"line":15,"column":84}},"type":"if","locations":[{"start":{"line":15,"column":47},"end":{"line":15,"column":84}},{"start":{"line":15,"column":47},"end":{"line":15,"column":84}}],"line":15},"3":{"loc":{"start":{"line":21,"column":22},"end":{"line":21,"column":92}},"type":"cond-expr","locations":[{"start":{"line":21,"column":35},"end":{"line":21,"column":51}},{"start":{"line":21,"column":55},"end":{"line":21,"column":91}}],"line":21},"4":{"loc":{"start":{"line":29,"column":15},"end":{"line":29,"column":40}},"type":"binary-expr","locations":[{"start":{"line":29,"column":15},"end":{"line":29,"column":32}},{"start":{"line":29,"column":36},"end":{"line":29,"column":40}}],"line":29}},"s":{"0":8,"1":8,"2":8,"3":0,"4":0,"5":0,"6":0,"7":8,"8":8,"9":8,"10":8,"11":8,"12":8,"13":8,"14":8,"15":8,"16":0,"17":8,"18":8},"f":{"0":8,"1":8,"2":0,"3":0,"4":8,"5":8,"6":8,"7":0},"b":{"0":[8,8,8],"1":[8,0,0,0],"2":[0,0],"3":[0,8],"4":[0,0]},"_coverageSchema":"43e27e138ebf9cfc5966b082cf9a028302ed4184","hash":"942df445153b280dc7b689e17157e4214e73764e"}
,"/Users/Nicholas/Desktop/School/seng350/project/seng350f19-project-3-10/BillSplit/src/baseClasses/Item.js": {"path":"/Users/Nicholas/Desktop/School/seng350/project/seng350f19-project-3-10/BillSplit/src/baseClasses/Item.js","statementMap":{"0":{"start":{"line":8,"column":16},"end":{"line":20,"column":4}},"1":{"start":{"line":9,"column":24},"end":{"line":14,"column":5}},"2":{"start":{"line":10,"column":8},"end":{"line":12,"column":87}},"3":{"start":{"line":11,"column":69},"end":{"line":11,"column":85}},"4":{"start":{"line":12,"column":30},"end":{"line":12,"column":84}},"5":{"start":{"line":12,"column":47},"end":{"line":12,"column":84}},"6":{"start":{"line":12,"column":72},"end":{"line":12,"column":84}},"7":{"start":{"line":13,"column":8},"end":{"line":13,"column":35}},"8":{"start":{"line":15,"column":4},"end":{"line":19,"column":6}},"9":{"start":{"line":16,"column":8},"end":{"line":16,"column":28}},"10":{"start":{"line":17,"column":24},"end":{"line":17,"column":45}},"11":{"start":{"line":18,"column":8},"end":{"line":18,"column":93}},"12":{"start":{"line":21,"column":0},"end":{"line":21,"column":26}},"13":{"start":{"line":22,"column":14},"end":{"line":22,"column":32}},"14":{"start":{"line":23,"column":26},"end":{"line":35,"column":20}},"15":{"start":{"line":24,"column":4},"end":{"line":24,"column":28}},"16":{"start":{"line":26,"column":8},"end":{"line":26,"column":41}},"17":{"start":{"line":28,"column":4},"end":{"line":30,"column":6}},"18":{"start":{"line":29,"column":8},"end":{"line":29,"column":25}},"19":{"start":{"line":31,"column":4},"end":{"line":33,"column":6}},"20":{"start":{"line":32,"column":8},"end":{"line":32,"column":27}},"21":{"start":{"line":34,"column":4},"end":{"line":34,"column":16}},"22":{"start":{"line":36,"column":0},"end":{"line":36,"column":20}}},"fnMap":{"0":{"name":"(anonymous_0)","decl":{"start":{"line":8,"column":45},"end":{"line":8,"column":46}},"loc":{"start":{"line":8,"column":57},"end":{"line":20,"column":1}},"line":8},"1":{"name":"(anonymous_1)","decl":{"start":{"line":9,"column":24},"end":{"line":9,"column":25}},"loc":{"start":{"line":9,"column":40},"end":{"line":14,"column":5}},"line":9},"2":{"name":"(anonymous_2)","decl":{"start":{"line":11,"column":51},"end":{"line":11,"column":52}},"loc":{"start":{"line":11,"column":67},"end":{"line":11,"column":87}},"line":11},"3":{"name":"(anonymous_3)","decl":{"start":{"line":12,"column":12},"end":{"line":12,"column":13}},"loc":{"start":{"line":12,"column":28},"end":{"line":12,"column":86}},"line":12},"4":{"name":"(anonymous_4)","decl":{"start":{"line":15,"column":11},"end":{"line":15,"column":12}},"loc":{"start":{"line":15,"column":27},"end":{"line":19,"column":5}},"line":15},"5":{"name":"__","decl":{"start":{"line":17,"column":17},"end":{"line":17,"column":19}},"loc":{"start":{"line":17,"column":22},"end":{"line":17,"column":47}},"line":17},"6":{"name":"(anonymous_6)","decl":{"start":{"line":23,"column":26},"end":{"line":23,"column":27}},"loc":{"start":{"line":23,"column":44},"end":{"line":35,"column":1}},"line":23},"7":{"name":"Item","decl":{"start":{"line":25,"column":13},"end":{"line":25,"column":17}},"loc":{"start":{"line":25,"column":20},"end":{"line":27,"column":5}},"line":25},"8":{"name":"(anonymous_8)","decl":{"start":{"line":28,"column":29},"end":{"line":28,"column":30}},"loc":{"start":{"line":28,"column":45},"end":{"line":30,"column":5}},"line":28},"9":{"name":"(anonymous_9)","decl":{"start":{"line":31,"column":30},"end":{"line":31,"column":31}},"loc":{"start":{"line":31,"column":47},"end":{"line":33,"column":5}},"line":31}},"branchMap":{"0":{"loc":{"start":{"line":8,"column":16},"end":{"line":20,"column":4}},"type":"binary-expr","locations":[{"start":{"line":8,"column":17},"end":{"line":8,"column":21}},{"start":{"line":8,"column":25},"end":{"line":8,"column":39}},{"start":{"line":8,"column":44},"end":{"line":20,"column":4}}],"line":8},"1":{"loc":{"start":{"line":10,"column":24},"end":{"line":12,"column":86}},"type":"binary-expr","locations":[{"start":{"line":10,"column":24},"end":{"line":10,"column":45}},{"start":{"line":11,"column":13},"end":{"line":11,"column":47}},{"start":{"line":11,"column":51},"end":{"line":11,"column":87}},{"start":{"line":12,"column":12},"end":{"line":12,"column":86}}],"line":10},"2":{"loc":{"start":{"line":12,"column":47},"end":{"line":12,"column":84}},"type":"if","locations":[{"start":{"line":12,"column":47},"end":{"line":12,"column":84}},{"start":{"line":12,"column":47},"end":{"line":12,"column":84}}],"line":12},"3":{"loc":{"start":{"line":18,"column":22},"end":{"line":18,"column":92}},"type":"cond-expr","locations":[{"start":{"line":18,"column":35},"end":{"line":18,"column":51}},{"start":{"line":18,"column":55},"end":{"line":18,"column":91}}],"line":18},"4":{"loc":{"start":{"line":26,"column":15},"end":{"line":26,"column":40}},"type":"binary-expr","locations":[{"start":{"line":26,"column":15},"end":{"line":26,"column":32}},{"start":{"line":26,"column":36},"end":{"line":26,"column":40}}],"line":26}},"s":{"0":10,"1":10,"2":10,"3":0,"4":0,"5":0,"6":0,"7":10,"8":10,"9":10,"10":10,"11":10,"12":10,"13":10,"14":10,"15":10,"16":7,"17":10,"18":7,"19":10,"20":7,"21":10,"22":10},"f":{"0":10,"1":10,"2":0,"3":0,"4":10,"5":10,"6":10,"7":7,"8":7,"9":7},"b":{"0":[10,10,10],"1":[10,0,0,0],"2":[0,0],"3":[0,10],"4":[7,7]},"_coverageSchema":"43e27e138ebf9cfc5966b082cf9a028302ed4184","hash":"d7b66eb780007b55d6e4f3078c24aa60f5e603df"}
[...]
":6}},"132":{"start":{"line":345,"column":24},"end":{"line":348,"column":9}},"133":{"start":{"line":349,"column":22},"end":{"line":364,"column":9}},"134":{"start":{"line":350,"column":12},"end":{"line":350,"column":53}},"135":{"start":{"line":351,"column":12},"end":{"line":351,"column":55}},"136":{"start":{"line":352,"column":12},"end":{"line":352,"column":55}},"137":{"start":{"line":353,"column":12},"end":{"line":363,"column":13}},"138":{"start":{"line":354,"column":16},"end":{"line":354,"column":55}},"139":{"start":{"line":357,"column":16},"end":{"line":362,"column":17}},"140":{"start":{"line":358,"column":20},"end":{"line":359,"column":76}},"141":{"start":{"line":361,"column":20},"end":{"line":361,"column":59}},"142":{"start":{"line":365,"column":8},"end":{"line":368,"column":9}},"143":{"start":{"line":365,"column":22},"end":{"line":365,"column":23}},"144":{"start":{"line":365,"column":44},"end":{"line":365,"column":58}},"145":{"start":{"line":366,"column":25},"end":{"line":366,"column":45}},"146":{"start":{"line":367,"column":12},"end":{"line":367,"column":28}},"147":{"start":{"line":369,"column":8},"end":{"line":369,"column":25}},"148":{"start":{"line":376,"column":4},"end":{"line":388,"column":6}},"149":{"start":{"line":377,"column":20},"end":{"line":377,"column":24}},"150":{"start":{"line":378,"column":8},"end":{"line":387,"column":11}},"151":{"start":{"line":383,"column":28},"end":{"line":383,"column":63}},"152":{"start":{"line":384,"column":12},"end":{"line":384,"column":32}},"153":{"start":{"line":386,"column":12},"end":{"line":386,"column":28}},"154":{"start":{"line":389,"column":4},"end":{"line":389,"column":26}},"155":{"start":{"line":391,"column":0},"end":{"line":391,"column":40}}},"fnMap":{"0":{"name":"(anonymous_0)","decl":{"start":{"line":2,"column":45},"end":{"line":2,"column":46}},"loc":{"start":{"line":2,"column":57},"end":{"line":14,"column":1}},"line":2},"1":{"name":"(anonymous_1)","decl":{"start":{"line":3,"column":24},"end":{"line":3,"column":25}},"loc":{"start":{"line":3,"column":40},"end":{"line":8,"column":5}},"line":3},"2":{"name":"(anonymous_2)","decl":{"start":{"line":5,"column":51},"end":{"line":5,"column":52}},"loc":{"start":{"line":5,"column":67},"end":{"line":5,"column":87}},"line":5},"3":{"name":"(anonymous_3)","decl":{"start":{"line":6,"column":12},"end":{"line":6,"column":13}},"loc":{"start":{"line":6,"column":28},"end":{"line":6,"column":86}},"line":6},"4":{"name":"(anonymous_4)","decl":{"start":{"line":9,"column":11},"end":{"line":9,"column":12}},"loc":{"start":{"line":9,"column":27},"end":{"line":13,"column":5}},"line":9},"5":{"name":"__","decl":{"start":{"line":11,"column":17},"end":{"line":11,"column":19}},"loc":{"start":{"line":11,"column":22},"end":{"line":11,"column":47}},"line":11},"6":{"name":"(anonymous_6)","decl":{"start":{"line":15,"column":56},"end":{"line":15,"column":57}},"loc":{"start":{"line":15,"column":71},"end":{"line":17,"column":1}},"line":15},"7":{"name":"(anonymous_7)","decl":{"start":{"line":24,"column":36},"end":{"line":24,"column":37}},"loc":{"start":{"line":24,"column":54},"end":{"line":390,"column":1}},"line":24},"8":{"name":"UserController","decl":{"start":{"line":26,"column":13},"end":{"line":26,"column":27}},"loc":{"start":{"line":26,"column":30},"end":{"line":28,"column":5}},"line":26},"9":{"name":"(anonymous_9)","decl":{"start":{"line":30,"column":28},"end":{"line":30,"column":29}},"loc":{"start":{"line":30,"column":46},"end":{"line":66,"column":5}},"line":30},"10":{"name":"(anonymous_10)","decl":{"start":{"line":32,"column":40},"end":{"line":32,"column":41}},"loc":{"start":{"line":32,"column":66},"end":{"line":34,"column":9}},"line":32},"11":{"name":"(anonymous_11)","decl":{"start":{"line":36,"column":35},"end":{"line":36,"column":36}},"loc":{"start":{"line":36,"column":61},"end":{"line":38,"column":9}},"line":36},"12":{"name":"(anonymous_12)","decl":{"start":{"line":39,"column":29},"end":{"line":39,"column":30}},"loc":{"start":{"line":39,"column":55},"end":{"line":41,"column":9}},"line":39},"13":{"name":"(anonymous_13)","decl":{"start":{"line":42,"column":44},"end":{"line":42,"column":45}},"loc":{"start":{"line":42,"column":70},"end":{"line":44,"column":9}},"line":42},"14":{"name":"(anonymous_14)","decl":{"start":{"line":45,"column":42},"end":{"line":45,"column":43}},"loc":{"start":{"line":45,"column":68},"end":{"line":47,"column":9}},"line":45},"15":{"name":"(anonymous_15)","decl":{"start":{"line":48,"column":47},"end":{"line":48,"column":48}},"loc":{"start":{"line":48,"column":73},"end":{"line":50,"column":9}},"line":48},"16":{"name":"(anonymous_16)","decl":{"start":{"line":51,"column":42},"end":{"line":51,"column":43}},"loc":{"start":{"line":51,"column":68},"end":{"line":53,"column":9}},"line":51},"17":{"name":"(anonymous_17)","decl":{"start":{"line":54,"column":49},"end":{"line":54,"column":50}},"loc":{"start":{"line":54,"column":75},"end":{"line":56,"column":9}},"line":54},"18":{"name":"(anonymous_18)","decl":{"start":{"line":57,"column":44},"end":{"line":57,"column":45}},"loc":{"start":{"line":57,"column":70},"end":{"line":59,"column":9}},"line":57},"19":{"name":"(anonymous_19)","decl":{"start":{"line":60,"column":50},"end":{"line":60,"column":51}},"loc":{"start":{"line":60,"column":76},"end":{"line":62,"column":9}},"line":60},"20":{"name":"(anonymous_20)","decl":{"start":{"line":63,"column":56},"end":{"line":63,"column":57}},"loc":{"start":{"line":63,"column":82},"end":{"line":65,"column":9}},"line":63},"21":{"name":"(anonymous_21)","decl":{"start":{"line":72,"column":44},"end":{"line":72,"column":45}},"loc":{"start":{"line":72,"column":64},"end":{"line":100,"column":5}},"line":72},"22":{"name":"(anonymous_22)","decl":{"start":{"line":77,"column":18},"end":{"line":77,"column":19}},"loc":{"start":{"line":77,"column":32},"end":{"line":84,"column":9}},"line":77},"23":{"name":"(anonymous_23)","decl":{"start":{"line":85,"column":18},"end":{"line":85,"column":19}},"loc":{"start":{"line":85,"column":36},"end":{"line":95,"column":9}},"line":85},"24":{"name":"(anonymous_24)","decl":{"start":{"line":95,"column":20},"end":{"line":95,"column":21}},"loc":{"start":{"line":95,"column":35},"end":{"line":99,"column":9}},"line":95},"25":{"name":"(anonymous_25)","decl":{"start":{"line":106,"column":38},"end":{"line":106,"column":39}},"loc":{"start":{"line":106,"column":58},"end":{"line":130,"column":5}},"line":106},"26":{"name":"(anonymous_26)","decl":{"start":{"line":135,"column":45},"end":{"line":135,"column":46}},"loc":{"start":{"line":135,"column":62},"end":{"line":142,"column":5}},"line":135},"27":{"name":"(anonymous_27)","decl":{"start":{"line":147,"column":36},"end":{"line":147,"column":37}},"loc":{"start":{"line":147,"column":56},"end":{"line":149,"column":5}},"line":147},"28":{"name":"(anonymous_28)","decl":{"start":{"line":155,"column":40},"end":{"line":155,"column":41}},"loc":{"start":{"line":155,"column":60},"end":{"line":179,"column":5}},"line":155},"29":{"name":"(anonymous_29)","decl":{"start":{"line":168,"column":18},"end":{"line":168,"column":19}},"loc":{"start":{"line":168,"column":36},"end":{"line":173,"column":9}},"line":168},"30":{"name":"(anonymous_30)","decl":{"start":{"line":173,"column":20},"end":{"line":173,"column":21}},"loc":{"start":{"line":173,"column":35},"end":{"line":178,"column":9}},"line":173},"31":{"name":"(anonymous_31)","decl":{"start":{"line":185,"column":38},"end":{"line":185,"column":39}},"loc":{"start":{"line":185,"column":58},"end":{"line":192,"column":5}},"line":185},"32":{"name":"(anonymous_32)","decl":{"start":{"line":187,"column":18},"end":{"line":187,"column":19}},"loc":{"start":{"line":187,"column":36},"end":{"line":189,"column":9}},"line":187},"33":{"name":"(anonymous_33)","decl":{"start":{"line":189,"column":20},"end":{"line":189,"column":21}},"loc":{"start":{"line":189,"column":35},"end":{"line":191,"column":9}},"line":189},"34":{"name":"(anonymous_34)","decl":{"start":{"line":198,"column":40},"end":{"line":198,"column":41}},"loc":{"start":{"line":198,"column":60},"end":{"line":215,"column":5}},"line":198},"35":{"name":"(anonymous_35)","decl":{"start":{"line":210,"column":75},"end":{"line":210,"column":76}},"loc":{"start":{"line":210,"column":90},"end":{"line":212,"column":13}},"line":210},"36":{"name":"(anonymous_36)","decl":{"start":{"line":221,"column":43},"end":{"line":221,"column":44}},"loc":{"start":{"line":221,"column":63},"end":{"line":228,"column":5}},"line":221},"37":{"name":"(anonymous_37)","decl":{"start":{"line":223,"column":18},"end":{"line":223,"column":19}},"loc":{"start":{"line":223,"column":36},"end":{"line":225,"column":9}},"line":223},"38":{"name":"(anonymous_38)","decl":{"start":{"line":225,"column":20},"end":{"line":225,"column":21}},"loc":{"start":{"line":225,"column":35},"end":{"line":227,"column":9}},"line":225},"39":{"name":"(anonymous_39)","decl":{"start":{"line":234,"column":47},"end":{"line":234,"column":48}},"loc":{"start":{"line":234,"column":67},"end":{"line":238,"column":5}},"line":234},"40":{"name":"(anonymous_40)","decl":{"start":{"line":235,"column":54},"end":{"line":235,"column":55}},"loc":{"start":{"line":235,"column":69},"end":{"line":237,"column":9}},"line":235},"41":{"name":"(anonymous_41)","decl":{"start":{"line":244,"column":51},"end":{"line":244,"column":52}},"loc":{"start":{"line":244,"column":71},"end":{"line":262,"column":5}},"line":244},"42":{"name":"(anonymous_42)","decl":{"start":{"line":246,"column":18},"end":{"line":246,"column":19}},"loc":{"start":{"line":246,"column":36},"end":{"line":256,"column":9}},"line":246},"43":{"name":"(anonymous_43)","decl":{"start":{"line":256,"column":20},"end":{"line":256,"column":21}},"loc":{"start":{"line":256,"column":35},"end":{"line":261,"column":9}},"line":256},"44":{"name":"(anonymous_44)","decl":{"start":{"line":268,"column":50},"end":{"line":268,"column":51}},"loc":{"start":{"line":268,"column":70},"end":{"line":288,"column":5}},"line":268},"45":{"name":"(anonymous_45)","decl":{"start":{"line":270,"column":18},"end":{"line":270,"column":19}},"loc":{"start":{"line":270,"column":36},"end":{"line":282,"column":9}},"line":270},"46":{"name":"(anonymous_46)","decl":{"start":{"line":282,"column":20},"end":{"line":282,"column":21}},"loc":{"start":{"line":282,"column":37},"end":{"line":287,"column":9}},"line":282},"47":{"name":"(anonymous_47)","decl":{"start":{"line":294,"column":50},"end":{"line":294,"column":51}},"loc":{"start":{"line":294,"column":70},"end":{"line":307,"column":5}},"line":294},"48":{"name":"(anonymous_48)","decl":{"start":{"line":296,"column":18},"end":{"line":296,"column":19}},"loc":{"start":{"line":296,"column":36},"end":{"line":301,"column":9}},"line":296},"49":{"name":"(anonymous_49)","decl":{"start":{"line":301,"column":20},"end":{"line":301,"column":21}},"loc":{"start":{"line":301,"column":35},"end":{"line":306,"column":9}},"line":301},"50":{"name":"(anonymous_50)","decl":{"start":{"line":313,"column":48},"end":{"line":313,"column":49}},"loc":{"start":{"line":313,"column":68},"end":{"line":328,"column":5}},"line":313},"51":{"name":"(anonymous_51)","decl":{"start":{"line":317,"column":18},"end":{"line":317,"column":19}},"loc":{"start":{"line":317,"column":36},"end":{"line":322,"column":9}},"line":317},"52":{"name":"(anonymous_52)","decl":{"start":{"line":322,"column":20},"end":{"line":322,"column":21}},"loc":{"start":{"line":322,"column":35},"end":{"line":327,"column":9}},"line":322},"53":{"name":"(anonymous_53)","decl":{"start":{"line":334,"column":50},"end":{"line":334,"column":51}},"loc":{"start":{"line":334,"column":70},"end":{"line":338,"column":5}},"line":334},"54":{"name":"(anonymous_54)","decl":{"start":{"line":335,"column":117},"end":{"line":335,"column":118}},"loc":{"start":{"line":335,"column":132},"end":{"line":337,"column":9}},"line":335},"55":{"name":"(anonymous_55)","decl":{"start":{"line":344,"column":47},"end":{"line":344,"column":48}},"loc":{"start":{"line":344,"column":78},"end":{"line":370,"column":5}},"line":344},"56":{"name":"(anonymous_56)","decl":{"start":{"line":349,"column":22},"end":{"line":349,"column":23}},"loc":{"start":{"line":349,"column":40},"end":{"line":364,"column":9}},"line":349},"57":{"name":"(anonymous_57)","decl":{"start":{"line":357,"column":43},"end":{"line":357,"column":44}},"loc":{"start":{"line":357,"column":60},"end":{"line":360,"column":17}},"line":357},"58":{"name":"(anonymous_58)","decl":{"start":{"line":376,"column":44},"end":{"line":376,"column":45}},"loc":{"start":{"line":376,"column":64},"end":{"line":388,"column":5}},"line":376},"59":{"name":"(anonymous_59)","decl":{"start":{"line":382,"column":18},"end":{"line":382,"column":19}},"loc":{"start":{"line":382,"column":37},"end":{"line":385,"column":9}},"line":382},"60":{"name":"(anonymous_60)","decl":{"start":{"line":385,"column":20},"end":{"line":385,"column":21}},"loc":{"start":{"line":385,"column":37},"end":{"line":387,"column":9}},"line":385}},"branchMap":{"0":{"loc":{"start":{"line":2,"column":16},"end":{"line":14,"column":4}},"type":"binary-expr","locations":[{"start":{"line":2,"column":17},"end":{"line":2,"column":21}},{"start":{"line":2,"column":25},"end":{"line":2,"column":39}},{"start":{"line":2,"column":44},"end":{"line":14,"column":4}}],"line":2},"1":{"loc":{"start":{"line":4,"column":24},"end":{"line":6,"column":86}},"type":"binary-expr","locations":[{"start":{"line":4,"column":24},"end":{"line":4,"column":45}},{"start":{"line":5,"column":13},"end":{"line":5,"column":47}},{"start":{"line":5,"column":51},"end":{"line":5,"column":87}},{"start":{"line":6,"column":12},"end":{"line":6,"column":86}}],"line":4},"2":{"loc":{"start":{"line":6,"column":47},"end":{"line":6,"column":84}},"type":"if","locations":[{"start":{"line":6,"column":47},"end":{"line":6,"column":84}},{"start":{"line":6,"column":47},"end":{"line":6,"column":84}}],"line":6},"3":{"loc":{"start":{"line":12,"column":22},"end":{"line":12,"column":92}},"type":"cond-expr","locations":[{"start":{"line":12,"column":35},"end":{"line":12,"column":51}},{"start":{"line":12,"column":55},"end":{"line":12,"column":91}}],"line":12},"4":{"loc":{"start":{"line":15,"column":22},"end":{"line":17,"column":1}},"type":"binary-expr","locations":[{"start":{"line":15,"column":23},"end":{"line":15,"column":27}},{"start":{"line":15,"column":31},"end":{"line":15,"column":51}},{"start":{"line":15,"column":56},"end":{"line":17,"column":1}}],"line":15},"5":{"loc":{"start":{"line":16,"column":11},"end":{"line":16,"column":61}},"type":"cond-expr","locations":[{"start":{"line":16,"column":37},"end":{"line":16,"column":40}},{"start":{"line":16,"column":43},"end":{"line":16,"column":61}}],"line":16},"6":{"loc":{"start":{"line":16,"column":12},"end":{"line":16,"column":33}},"type":"binary-expr","locations":[{"start":{"line":16,"column":12},"end":{"line":16,"column":15}},{"start":{"line":16,"column":19},"end":{"line":16,"column":33}}],"line":16},"7":{"loc":{"start":{"line":27,"column":15},"end":{"line":27,"column":71}},"type":"binary-expr","locations":[{"start":{"line":27,"column":15},"end":{"line":27,"column":30}},{"start":{"line":27,"column":34},"end":{"line":27,"column":63}},{"start":{"line":27,"column":67},"end":{"line":27,"column":71}}],"line":27},"8":{"loc":{"start":{"line":86,"column":12},"end":{"line":94,"column":13}},"type":"if","locations":[{"start":{"line":86,"column":12},"end":{"line":94,"column":13}},{"start":{"line":86,"column":12},"end":{"line":94,"column":13}}],"line":86},"9":{"loc":{"start":{"line":108,"column":8},"end":{"line":115,"column":9}},"type":"if","locations":[{"start":{"line":108,"column":8},"end":{"line":115,"column":9}},{"start":{"line":108,"column":8},"end":{"line":115,"column":9}}],"line":108},"10":{"loc":{"start":{"line":108,"column":12},"end":{"line":109,"column":74}},"type":"binary-expr","locations":[{"start":{"line":108,"column":12},"end":{"line":108,"column":39}},{"start":{"line":108,"column":43},"end":{"line":108,"column":74}},{"start":{"line":109,"column":15},"end":{"line":109,"column":42}},{"start":{"line":109,"column":46},"end":{"line":109,"column":74}}],"line":108},"11":{"loc":{"start":{"line":116,"column":8},"end":{"line":122,"column":9}},"type":"if","locations":[{"start":{"line":116,"column":8},"end":{"line":122,"column":9}},{"start":{"line":116,"column":8},"end":{"line":122,"column":9}}],"line":116},"12":{"loc":{"start":{"line":123,"column":8},"end":{"line":129,"column":9}},"type":"if","locations":[{"start":{"line":123,"column":8},"end":{"line":129,"column":9}},{"start":{"line":123,"column":8},"end":{"line":129,"column":9}}],"line":123},"13":{"loc":{"start":{"line":201,"column":8},"end":{"line":206,"column":9}},"type":"if","locations":[{"start":{"line":201,"column":8},"end":{"line":206,"column":9}},{"start":{"line":201,"column":8},"end":{"line":206,"column":9}}],"line":201},"14":{"loc":{"start":{"line":247,"column":12},"end":{"line":255,"column":13}},"type":"if","locations":[{"start":{"line":247,"column":12},"end":{"line":255,"column":13}},{"start":{"line":247,"column":12},"end":{"line":255,"column":13}}],"line":247},"15":{"loc":{"start":{"line":271,"column":12},"end":{"line":281,"column":13}},"type":"if","locations":[{"start":{"line":271,"column":12},"end":{"line":281,"column":13}},{"start":{"line":271,"column":12},"end":{"line":281,"column":13}}],"line":271},"16":{"loc":{"start":{"line":353,"column":12},"end":{"line":363,"column":13}},"type":"if","locations":[{"start":{"line":353,"column":12},"end":{"line":363,"column":13}},{"start":{"line":353,"column":12},"end":{"line":363,"column":13}}],"line":353},"17":{"loc":{"start":{"line":357,"column":16},"end":{"line":362,"column":17}},"type":"if","locations":[{"start":{"line":357,"column":16},"end":{"line":362,"column":17}},{"start":{"line":357,"column":16},"end":{"line":362,"column":17}}],"line":357},"18":{"loc":{"start":{"line":358,"column":28},"end":{"line":359,"column":74}},"type":"binary-expr","locations":[{"start":{"line":358,"column":28},"end":{"line":358,"column":82}},{"start":{"line":359,"column":24},"end":{"line":359,"column":74}}],"line":358}},"s":{"0":11,"1":11,"2":11,"3":0,"4":0,"5":0,"6":0,"7":11,"8":11,"9":11,"10":11,"11":11,"12":11,"13":11,"14":11,"15":11,"16":11,"17":11,"18":11,"19":11,"20":11,"21":11,"22":10,"23":11,"24":8,"25":0,"26":8,"27":0,"28":8,"29":0,"30":8,"31":0,"32":8,"33":0,"34":8,"35":0,"36":8,"37":0,"38":8,"39":0,"40":8,"41":0,"42":8,"43":0,"44":8,"45":0,"46":11,"47":0,"48":0,"49":0,"50":0,"51":0,"52":0,"53":0,"54":0,"55":0,"56":0,"57":11,"58":0,"59":0,"60":0,"61":0,"62":0,"63":0,"64":0,"65":0,"66":0,"67":0,"68":11,"69":0,"70":0,"71":0,"72":0,"73":0,"74":0,"75":0,"76":11,"77":0,"78":11,"79":0,"80":0,"81":0,"82":0,"83":0,"84":11,"85":0,"86":0,"87":0,"88":11,"89":0,"90":0,"91":0,"92":0,"93":0,"94":0,"95":0,"96":0,"97":0,"98":0,"99":0,"100":0,"101":11,"102":0,"103":0,"104":0,"105":11,"106":0,"107":0,"108":11,"109":0,"110":0,"111":0,"112":0,"113":0,"114":11,"115":0,"116":0,"117":0,"118":0,"119":0,"120":11,"121":0,"122":0,"123":0,"124":11,"125":0,"126":0,"127":0,"128":11,"129":0,"130":0,"131":11,"132":0,"133":0,"134":0,"135":0,"136":0,"137":0,"138":0,"139":0,"140":0,"141":0,"142":0,"143":0,"144":0,"145":0,"146":0,"147":0,"148":11,"149":0,"150":0,"151":0,"152":0,"153":0,"154":11,"155":11},"f":{"0":11,"1":11,"2":0,"3":0,"4":11,"5":11,"6":11,"7":11,"8":10,"9":8,"10":0,"11":0,"12":0,"13":0,"14":0,"15":0,"16":0,"17":0,"18":0,"19":0,"20":0,"21":0,"22":0,"23":0,"24":0,"25":0,"26":0,"27":0,"28":0,"29":0,"30":0,"31":0,"32":0,"33":0,"34":0,"35":0,"36":0,"37":0,"38":0,"39":0,"40":0,"41":0,"42":0,"43":0,"44":0,"45":0,"46":0,"47":0,"48":0,"49":0,"50":0,"51":0,"52":0,"53":0,"54":0,"55":0,"56":0,"57":0,"58":0,"59":0,"60":0},"b":{"0":[11,11,11],"1":[11,0,0,0],"2":[0,0],"3":[0,11],"4":[11,11,11],"5":[11,0],"6":[11,11],"7":[10,10,0],"8":[0,0],"9":[0,0],"10":[0,0,0,0],"11":[0,0],"12":[0,0],"13":[0,0],"14":[0,0],"15":[0,0],"16":[0,0],"17":[0,0],"18":[0,0]},"_coverageSchema":"43e27e138ebf9cfc5966b082cf9a028302ed4184","hash":"809be49b1de472a552736b5cffefade29f4f843a"}
}
