TN:
SF:/Users/Nicholas/Desktop/School/seng350/project/seng350f19-project-3-10/BillSplit/src/DbClient.js
FN:2,(anonymous_0)
FN:3,adopt
FN:3,(anonymous_2)
FN:4,(anonymous_3)
FN:5,fulfilled
FN:6,rejected
FN:7,step
FN:11,(anonymous_7)
FN:12,(anonymous_8)
FN:13,(anonymous_9)
FN:14,verb
FN:14,(anonymous_11)
FN:15,step
FN:40,(anonymous_13)
FN:41,DbClient
FN:48,(anonymous_15)
FN:49,(anonymous_16)
FN:51,(anonymous_17)
FN:74,(anonymous_18)
FN:75,(anonymous_19)
FN:77,(anonymous_20)
FN:99,(anonymous_21)
FN:100,(anonymous_22)
FN:102,(anonymous_23)
FN:129,(anonymous_24)
FN:130,(anonymous_25)
FN:132,(anonymous_26)
FN:154,(anonymous_27)
FN:155,(anonymous_28)
FN:157,(anonymous_29)
FN:180,(anonymous_30)
FN:181,(anonymous_31)
FN:183,(anonymous_32)
FN:209,(anonymous_33)
FN:210,(anonymous_34)
FN:212,(anonymous_35)
FN:253,(anonymous_36)
FN:254,(anonymous_37)
FN:256,(anonymous_38)
FN:278,(anonymous_39)
FN:279,(anonymous_40)
FN:281,(anonymous_41)
FN:312,(anonymous_42)
FN:313,(anonymous_43)
FN:315,(anonymous_44)
FN:349,(anonymous_45)
FN:350,(anonymous_46)
FN:352,(anonymous_47)
FN:378,(anonymous_48)
FN:379,(anonymous_49)
FN:381,(anonymous_50)
FN:407,(anonymous_51)
FN:408,(anonymous_52)
FN:410,(anonymous_53)
FN:436,(anonymous_54)
FN:437,(anonymous_55)
FN:439,(anonymous_56)
FN:461,(anonymous_57)
FN:462,(anonymous_58)
FN:464,(anonymous_59)
FN:522,(anonymous_60)
FN:523,(anonymous_61)
FN:525,(anonymous_62)
FN:546,(anonymous_63)
FN:547,(anonymous_64)
FN:549,(anonymous_65)
FN:570,(anonymous_66)
FN:571,(anonymous_67)
FN:573,(anonymous_68)
FN:593,(anonymous_69)
FN:594,(anonymous_70)
FN:596,(anonymous_71)
FN:633,(anonymous_72)
FN:634,(anonymous_73)
FN:636,(anonymous_74)
FN:652,(anonymous_75)
FN:653,(anonymous_76)
FN:655,(anonymous_77)
FN:675,(anonymous_78)
FN:676,(anonymous_79)
FN:678,(anonymous_80)
FNF:81
FNH:43
FNDA:46,(anonymous_0)
FNDA:46,adopt
FNDA:0,(anonymous_2)
FNDA:46,(anonymous_3)
FNDA:0,fulfilled
FNDA:0,rejected
FNDA:46,step
FNDA:46,(anonymous_7)
FNDA:0,(anonymous_8)
FNDA:0,(anonymous_9)
FNDA:138,verb
FNDA:46,(anonymous_11)
FNDA:46,step
FNDA:11,(anonymous_13)
FNDA:11,DbClient
FNDA:24,(anonymous_15)
FNDA:24,(anonymous_16)
FNDA:24,(anonymous_17)
FNDA:4,(anonymous_18)
FNDA:4,(anonymous_19)
FNDA:4,(anonymous_20)
FNDA:2,(anonymous_21)
FNDA:2,(anonymous_22)
FNDA:2,(anonymous_23)
FNDA:2,(anonymous_24)
FNDA:2,(anonymous_25)
FNDA:2,(anonymous_26)
FNDA:2,(anonymous_27)
FNDA:2,(anonymous_28)
FNDA:2,(anonymous_29)
FNDA:0,(anonymous_30)
FNDA:0,(anonymous_31)
FNDA:0,(anonymous_32)
FNDA:2,(anonymous_33)
FNDA:2,(anonymous_34)
FNDA:2,(anonymous_35)
FNDA:2,(anonymous_36)
FNDA:2,(anonymous_37)
FNDA:2,(anonymous_38)
FNDA:2,(anonymous_39)
FNDA:2,(anonymous_40)
FNDA:2,(anonymous_41)
FNDA:2,(anonymous_42)
FNDA:2,(anonymous_43)
FNDA:2,(anonymous_44)
FNDA:2,(anonymous_45)
FNDA:2,(anonymous_46)
FNDA:2,(anonymous_47)
FNDA:0,(anonymous_48)
FNDA:0,(anonymous_49)
FNDA:0,(anonymous_50)
FNDA:2,(anonymous_51)
FNDA:2,(anonymous_52)
FNDA:2,(anonymous_53)
FNDA:0,(anonymous_54)
FNDA:0,(anonymous_55)
FNDA:0,(anonymous_56)
FNDA:0,(anonymous_57)
FNDA:0,(anonymous_58)
FNDA:0,(anonymous_59)
FNDA:0,(anonymous_60)
FNDA:0,(anonymous_61)
FNDA:0,(anonymous_62)
FNDA:0,(anonymous_63)
FNDA:0,(anonymous_64)
FNDA:0,(anonymous_65)
FNDA:0,(anonymous_66)
FNDA:0,(anonymous_67)
FNDA:0,(anonymous_68)
FNDA:0,(anonymous_69)
FNDA:0,(anonymous_70)
FNDA:0,(anonymous_71)
FNDA:0,(anonymous_72)
FNDA:0,(anonymous_73)
FNDA:0,(anonymous_74)
FNDA:0,(anonymous_75)
FNDA:0,(anonymous_76)
FNDA:0,(anonymous_77)
FNDA:0,(anonymous_78)
FNDA:0,(anonymous_79)
FNDA:0,(anonymous_80)
DA:2,11
DA:3,46
DA:4,46
DA:5,0
DA:6,0
DA:7,46
DA:8,46
DA:11,11
DA:12,46
DA:13,46
DA:14,138
DA:16,46
DA:17,92
DA:18,92
DA:19,92
DA:20,92
DA:21,46
DA:22,46
DA:23,0
DA:24,0
DA:26,0
DA:27,0
DA:28,0
DA:29,0
DA:30,0
DA:31,0
DA:33,46
DA:34,92
DA:35,0
DA:38,11
DA:39,11
DA:40,11
DA:48,11
DA:49,24
DA:51,24
DA:52,24
DA:54,24
DA:55,24
DA:56,24
DA:58,0
DA:59,0
DA:60,0
DA:62,0
DA:63,0
DA:64,0
DA:74,11
DA:75,4
DA:77,4
DA:78,4
DA:80,4
DA:81,4
DA:83,0
DA:84,0
DA:86,0
DA:87,0
DA:88,0
DA:99,11
DA:100,2
DA:102,2
DA:103,2
DA:105,2
DA:106,2
DA:108,0
DA:109,0
DA:116,0
DA:117,0
DA:118,0
DA:129,11
DA:130,2
DA:132,2
DA:133,2
DA:135,2
DA:136,2
DA:138,0
DA:139,0
DA:141,0
DA:142,0
DA:143,0
DA:154,11
DA:155,2
DA:157,2
DA:158,2
DA:160,2
DA:161,2
DA:163,0
DA:164,0
DA:166,0
DA:167,0
DA:168,0
DA:180,11
DA:181,0
DA:183,0
DA:184,0
DA:186,0
DA:187,0
DA:189,0
DA:190,0
DA:193,0
DA:194,0
DA:196,0
DA:197,0
DA:198,0
DA:209,11
DA:210,2
DA:212,2
DA:213,2
DA:215,2
DA:216,2
DA:218,0
DA:219,0
DA:240,0
DA:241,0
DA:242,0
DA:253,11
DA:254,2
DA:256,2
DA:257,2
DA:259,2
DA:260,2
DA:262,0
DA:263,0
DA:265,0
DA:266,0
DA:267,0
DA:278,11
DA:279,2
DA:281,2
DA:282,2
DA:284,2
DA:285,2
DA:287,0
DA:288,0
DA:299,0
DA:300,0
DA:301,0
DA:312,11
DA:313,2
DA:315,2
DA:316,2
DA:318,2
DA:319,2
DA:321,0
DA:322,0
DA:336,0
DA:337,0
DA:338,0
DA:349,11
DA:350,2
DA:352,2
DA:353,2
DA:355,2
DA:356,2
DA:358,0
DA:359,0
DA:365,0
DA:366,0
DA:367,0
DA:378,11
DA:379,0
DA:381,0
DA:382,0
DA:384,0
DA:385,0
DA:387,0
DA:388,0
DA:394,0
DA:395,0
DA:396,0
DA:407,11
DA:408,2
DA:410,2
DA:411,2
DA:413,2
DA:414,2
DA:416,0
DA:417,0
DA:423,0
DA:424,0
DA:425,0
DA:436,11
DA:437,0
DA:439,0
DA:440,0
DA:442,0
DA:443,0
DA:445,0
DA:446,0
DA:448,0
DA:449,0
DA:450,0
DA:461,11
DA:462,0
DA:464,0
DA:465,0
DA:467,0
DA:468,0
DA:470,0
DA:471,0
DA:509,0
DA:510,0
DA:511,0
DA:522,11
DA:523,0
DA:525,0
DA:526,0
DA:528,0
DA:529,0
DA:531,0
DA:532,0
DA:534,0
DA:535,0
DA:536,0
DA:546,11
DA:547,0
DA:549,0
DA:550,0
DA:552,0
DA:553,0
DA:555,0
DA:556,0
DA:558,0
DA:559,0
DA:560,0
DA:570,11
DA:571,0
DA:573,0
DA:574,0
DA:576,0
DA:577,0
DA:579,0
DA:580,0
DA:582,0
DA:583,0
DA:584,0
DA:593,11
DA:594,0
DA:596,0
DA:597,0
DA:599,0
DA:600,0
DA:602,0
DA:603,0
DA:626,0
DA:627,0
DA:628,0
DA:633,11
DA:634,0
DA:636,0
DA:637,0
DA:639,0
DA:640,0
DA:642,0
DA:643,0
DA:645,0
DA:646,0
DA:647,0
DA:652,11
DA:653,0
DA:655,0
DA:656,0
DA:658,0
DA:659,0
DA:660,0
DA:662,0
DA:663,0
DA:665,0
DA:666,0
DA:668,0
DA:669,0
DA:670,0
DA:675,11
DA:676,0
DA:678,0
DA:679,0
DA:681,0
DA:682,0
DA:684,0
DA:685,0
DA:687,0
DA:688,0
DA:689,0
DA:694,11
DA:696,11
LF:283
LH:101
BRDA:2,0,0,11
BRDA:2,0,1,11
BRDA:2,0,2,11
BRDA:3,1,0,46
BRDA:3,1,1,0
BRDA:4,2,0,46
BRDA:4,2,1,46
BRDA:7,3,0,0
BRDA:7,3,1,46
BRDA:8,4,0,46
BRDA:8,4,1,46
BRDA:11,5,0,11
BRDA:11,5,1,11
BRDA:11,5,2,11
BRDA:12,6,0,0
BRDA:12,6,1,0
BRDA:13,7,0,46
BRDA:13,7,1,46
BRDA:16,8,0,0
BRDA:16,8,1,46
BRDA:18,9,0,0
BRDA:18,9,1,92
BRDA:18,10,0,92
BRDA:18,10,1,0
BRDA:18,10,2,0
BRDA:18,11,0,0
BRDA:18,11,1,0
BRDA:18,12,0,0
BRDA:18,12,1,0
BRDA:18,13,0,0
BRDA:18,13,1,0
BRDA:18,14,0,0
BRDA:18,14,1,0
BRDA:19,15,0,0
BRDA:19,15,1,92
BRDA:20,16,0,46
BRDA:20,16,1,46
BRDA:20,16,2,46
BRDA:20,16,3,0
BRDA:20,16,4,0
BRDA:20,16,5,0
BRDA:26,17,0,0
BRDA:26,17,1,0
BRDA:26,18,0,0
BRDA:26,18,1,0
BRDA:26,18,2,0
BRDA:26,19,0,0
BRDA:26,19,1,0
BRDA:27,20,0,0
BRDA:27,20,1,0
BRDA:27,21,0,0
BRDA:27,21,1,0
BRDA:27,21,2,0
BRDA:27,21,3,0
BRDA:28,22,0,0
BRDA:28,22,1,0
BRDA:28,23,0,0
BRDA:28,23,1,0
BRDA:29,24,0,0
BRDA:29,24,1,0
BRDA:29,25,0,0
BRDA:29,25,1,0
BRDA:30,26,0,0
BRDA:30,26,1,0
BRDA:35,27,0,0
BRDA:35,27,1,0
BRDA:35,28,0,0
BRDA:35,28,1,0
BRDA:52,29,0,24
BRDA:52,29,1,0
BRDA:52,29,2,0
BRDA:52,29,3,0
BRDA:78,30,0,4
BRDA:78,30,1,0
BRDA:78,30,2,0
BRDA:78,30,3,0
BRDA:103,31,0,2
BRDA:103,31,1,0
BRDA:103,31,2,0
BRDA:103,31,3,0
BRDA:133,32,0,2
BRDA:133,32,1,0
BRDA:133,32,2,0
BRDA:133,32,3,0
BRDA:158,33,0,2
BRDA:158,33,1,0
BRDA:158,33,2,0
BRDA:158,33,3,0
BRDA:184,34,0,0
BRDA:184,34,1,0
BRDA:184,34,2,0
BRDA:184,34,3,0
BRDA:213,35,0,2
BRDA:213,35,1,0
BRDA:213,35,2,0
BRDA:213,35,3,0
BRDA:257,36,0,2
BRDA:257,36,1,0
BRDA:257,36,2,0
BRDA:257,36,3,0
BRDA:282,37,0,2
BRDA:282,37,1,0
BRDA:282,37,2,0
BRDA:282,37,3,0
BRDA:316,38,0,2
BRDA:316,38,1,0
BRDA:316,38,2,0
BRDA:316,38,3,0
BRDA:353,39,0,2
BRDA:353,39,1,0
BRDA:353,39,2,0
BRDA:353,39,3,0
BRDA:382,40,0,0
BRDA:382,40,1,0
BRDA:382,40,2,0
BRDA:382,40,3,0
BRDA:411,41,0,2
BRDA:411,41,1,0
BRDA:411,41,2,0
BRDA:411,41,3,0
BRDA:440,42,0,0
BRDA:440,42,1,0
BRDA:440,42,2,0
BRDA:440,42,3,0
BRDA:465,43,0,0
BRDA:465,43,1,0
BRDA:465,43,2,0
BRDA:465,43,3,0
BRDA:526,44,0,0
BRDA:526,44,1,0
BRDA:526,44,2,0
BRDA:526,44,3,0
BRDA:550,45,0,0
BRDA:550,45,1,0
BRDA:550,45,2,0
BRDA:550,45,3,0
BRDA:574,46,0,0
BRDA:574,46,1,0
BRDA:574,46,2,0
BRDA:574,46,3,0
BRDA:597,47,0,0
BRDA:597,47,1,0
BRDA:597,47,2,0
BRDA:597,47,3,0
BRDA:637,48,0,0
BRDA:637,48,1,0
BRDA:637,48,2,0
BRDA:637,48,3,0
BRDA:656,49,0,0
BRDA:656,49,1,0
BRDA:656,49,2,0
BRDA:656,49,3,0
BRDA:656,49,4,0
BRDA:679,50,0,0
BRDA:679,50,1,0
BRDA:679,50,2,0
BRDA:679,50,3,0
BRF:157
BRH:32
end_of_record
TN:
SF:/Users/Nicholas/Desktop/School/seng350/project/seng350f19-project-3-10/BillSplit/src/app.js
FN:2,(anonymous_0)
FN:22,(anonymous_1)
FN:29,Server
FN:46,(anonymous_3)
FN:55,(anonymous_4)
FN:78,(anonymous_5)
FN:92,(anonymous_6)
FNF:7
FNH:6
FNDA:48,(anonymous_0)
FNDA:8,(anonymous_1)
FNDA:8,Server
FNDA:8,(anonymous_3)
FNDA:8,(anonymous_4)
FNDA:0,(anonymous_5)
FNDA:8,(anonymous_6)
DA:2,8
DA:3,48
DA:5,8
DA:6,8
DA:7,8
DA:8,8
DA:9,8
DA:10,8
DA:11,8
DA:12,8
DA:13,8
DA:14,8
DA:15,8
DA:16,8
DA:22,8
DA:30,8
DA:32,8
DA:34,8
DA:36,8
DA:46,8
DA:47,8
DA:55,8
DA:57,8
DA:58,8
DA:59,8
DA:60,8
DA:62,8
DA:63,8
DA:65,8
DA:66,8
DA:68,8
DA:70,8
DA:72,8
DA:76,8
DA:78,8
DA:79,0
DA:80,0
DA:83,8
DA:92,8
DA:94,8
DA:95,8
DA:96,8
DA:97,8
DA:98,8
DA:99,8
DA:101,8
DA:103,8
DA:105,8
LF:48
LH:46
BRDA:2,0,0,8
BRDA:2,0,1,8
BRDA:2,0,2,8
BRDA:3,1,0,0
BRDA:3,1,1,48
BRDA:3,2,0,48
BRDA:3,2,1,48
BRF:7
BRH:6
end_of_record
TN:
SF:/Users/Nicholas/Desktop/School/seng350/project/seng350f19-project-3-10/BillSplit/src/enviro.js
FNF:0
FNH:0
DA:2,11
DA:3,11
DA:4,11
DA:5,11
LF:4
LH:4
BRF:0
BRH:0
end_of_record
TN:
SF:/Users/Nicholas/Desktop/School/seng350/project/seng350f19-project-3-10/BillSplit/src/baseClasses/Bill.js
FN:2,(anonymous_0)
FN:3,(anonymous_1)
FN:5,(anonymous_2)
FN:6,(anonymous_3)
FN:9,(anonymous_4)
FN:11,__
FN:17,(anonymous_6)
FN:19,Bill
FNF:8
FNH:6
FNDA:10,(anonymous_0)
FNDA:10,(anonymous_1)
FNDA:0,(anonymous_2)
FNDA:0,(anonymous_3)
FNDA:10,(anonymous_4)
FNDA:10,__
FNDA:10,(anonymous_6)
FNDA:8,Bill
DA:2,10
DA:3,10
DA:4,10
DA:5,0
DA:6,0
DA:7,10
DA:9,10
DA:10,10
DA:11,10
DA:12,10
DA:15,10
DA:16,10
DA:17,10
DA:18,10
DA:20,8
DA:21,8
DA:22,8
DA:24,10
DA:26,10
LF:19
LH:17
BRDA:2,0,0,10
BRDA:2,0,1,10
BRDA:2,0,2,10
BRDA:4,1,0,10
BRDA:4,1,1,0
BRDA:4,1,2,0
BRDA:4,1,3,0
BRDA:6,2,0,0
BRDA:6,2,1,0
BRDA:12,3,0,0
BRDA:12,3,1,10
BRDA:20,4,0,8
BRDA:20,4,1,8
BRF:13
BRH:7
end_of_record
TN:
SF:/Users/Nicholas/Desktop/School/seng350/project/seng350f19-project-3-10/BillSplit/src/baseClasses/Group.js
FN:11,(anonymous_0)
FN:12,(anonymous_1)
FN:14,(anonymous_2)
FN:15,(anonymous_3)
FN:18,(anonymous_4)
FN:20,__
FN:26,(anonymous_6)
FN:28,Group
FNF:8
FNH:5
FNDA:8,(anonymous_0)
FNDA:8,(anonymous_1)
FNDA:0,(anonymous_2)
FNDA:0,(anonymous_3)
FNDA:8,(anonymous_4)
FNDA:8,__
FNDA:8,(anonymous_6)
FNDA:0,Group
DA:11,8
DA:12,8
DA:13,8
DA:14,0
DA:15,0
DA:16,8
DA:18,8
DA:19,8
DA:20,8
DA:21,8
DA:24,8
DA:25,8
DA:26,8
DA:27,8
DA:29,0
DA:31,8
DA:33,8
LF:17
LH:14
BRDA:11,0,0,8
BRDA:11,0,1,8
BRDA:11,0,2,8
BRDA:13,1,0,8
BRDA:13,1,1,0
BRDA:13,1,2,0
BRDA:13,1,3,0
BRDA:15,2,0,0
BRDA:15,2,1,0
BRDA:21,3,0,0
BRDA:21,3,1,8
BRDA:29,4,0,0
BRDA:29,4,1,0
BRF:13
BRH:5
end_of_record
TN:
SF:/Users/Nicholas/Desktop/School/seng350/project/seng350f19-project-3-10/BillSplit/src/baseClasses/Item.js
FN:8,(anonymous_0)
FN:9,(anonymous_1)
FN:11,(anonymous_2)
FN:12,(anonymous_3)
FN:15,(anonymous_4)
FN:17,__
FN:23,(anonymous_6)
FN:25,Item
FN:28,(anonymous_8)
FN:31,(anonymous_9)
FNF:10
FNH:8
FNDA:10,(anonymous_0)
FNDA:10,(anonymous_1)
FNDA:0,(anonymous_2)
FNDA:0,(anonymous_3)
FNDA:10,(anonymous_4)
FNDA:10,__
FNDA:10,(anonymous_6)
FNDA:7,Item
FNDA:7,(anonymous_8)
FNDA:7,(anonymous_9)
DA:8,10
DA:9,10
DA:10,10
DA:11,0
DA:12,0
DA:13,10
DA:15,10
DA:16,10
DA:17,10
DA:18,10
DA:21,10
DA:22,10
DA:23,10
DA:24,10
DA:26,7
DA:28,10
DA:29,7
DA:31,10
DA:32,7
DA:34,10
DA:36,10
LF:21
LH:19
BRDA:8,0,0,10
BRDA:8,0,1,10
BRDA:8,0,2,10
BRDA:10,1,0,10
BRDA:10,1,1,0
BRDA:10,1,2,0
BRDA:10,1,3,0
BRDA:12,2,0,0
BRDA:12,2,1,0
BRDA:18,3,0,0
BRDA:18,3,1,10
BRDA:26,4,0,7
BRDA:26,4,1,7
BRF:13
BRH:7
end_of_record
TN:
SF:/Users/Nicholas/Desktop/School/seng350/project/seng350f19-project-3-10/BillSplit/src/baseClasses/Purchase.js
FN:9,(anonymous_0)
FN:10,(anonymous_1)
FN:12,(anonymous_2)
FN:13,(anonymous_3)
FN:16,(anonymous_4)
FN:18,__
FN:24,(anonymous_6)
FN:26,Purchase
FN:37,(anonymous_8)
FNF:9
FNH:6
FNDA:10,(anonymous_0)
FNDA:10,(anonymous_1)
FNDA:0,(anonymous_2)
FNDA:0,(anonymous_3)
FNDA:10,(anonymous_4)
FNDA:10,__
FNDA:10,(anonymous_6)
FNDA:6,Purchase
FNDA:0,(anonymous_8)
DA:9,10
DA:10,10
DA:11,10
DA:12,0
DA:13,0
DA:14,10
DA:16,10
DA:17,10
DA:18,10
DA:19,10
DA:22,10
DA:23,10
DA:24,10
DA:25,10
DA:27,6
DA:28,6
DA:29,6
DA:30,6
DA:31,6
DA:32,6
DA:33,6
DA:34,6
DA:35,6
DA:37,10
DA:38,0
DA:47,10
DA:49,10
LF:27
LH:24
BRDA:9,0,0,10
BRDA:9,0,1,10
BRDA:9,0,2,10
BRDA:11,1,0,10
BRDA:11,1,1,0
BRDA:11,1,2,0
BRDA:11,1,3,0
BRDA:13,2,0,0
BRDA:13,2,1,0
BRDA:19,3,0,0
BRDA:19,3,1,10
BRDA:27,4,0,6
BRDA:27,4,1,6
BRF:13
BRH:7
end_of_record
TN:
SF:/Users/Nicholas/Desktop/School/seng350/project/seng350f19-project-3-10/BillSplit/src/baseClasses/User.js
FN:13,(anonymous_0)
FN:14,(anonymous_1)
FN:16,(anonymous_2)
FN:17,(anonymous_3)
FN:20,(anonymous_4)
FN:22,__
FN:28,(anonymous_6)
FN:30,User
FN:33,(anonymous_8)
FN:36,(anonymous_9)
FN:39,(anonymous_10)
FN:42,(anonymous_11)
FNF:12
FNH:10
FNDA:11,(anonymous_0)
FNDA:11,(anonymous_1)
FNDA:0,(anonymous_2)
FNDA:0,(anonymous_3)
FNDA:11,(anonymous_4)
FNDA:11,__
FNDA:11,(anonymous_6)
FNDA:10,User
FNDA:10,(anonymous_8)
FNDA:10,(anonymous_9)
FNDA:10,(anonymous_10)
FNDA:10,(anonymous_11)
DA:13,11
DA:14,11
DA:15,11
DA:16,0
DA:17,0
DA:18,11
DA:20,11
DA:21,11
DA:22,11
DA:23,11
DA:26,11
DA:27,11
DA:28,11
DA:29,11
DA:31,10
DA:33,11
DA:34,10
DA:36,11
DA:37,10
DA:39,11
DA:40,10
DA:42,11
DA:43,10
DA:45,11
DA:47,11
LF:25
LH:23
BRDA:13,0,0,11
BRDA:13,0,1,11
BRDA:13,0,2,11
BRDA:15,1,0,11
BRDA:15,1,1,0
BRDA:15,1,2,0
BRDA:15,1,3,0
BRDA:17,2,0,0
BRDA:17,2,1,0
BRDA:23,3,0,0
BRDA:23,3,1,11
BRDA:31,4,0,10
BRDA:31,4,1,10
BRF:13
BRH:7
end_of_record
TN:
SF:/Users/Nicholas/Desktop/School/seng350/project/seng350f19-project-3-10/BillSplit/src/baseClasses/route.js
FN:8,(anonymous_0)
FN:15,BaseRoute
FN:28,(anonymous_2)
FN:43,(anonymous_3)
FNF:4
FNH:2
FNDA:12,(anonymous_0)
FNDA:31,BaseRoute
FNDA:0,(anonymous_2)
FNDA:0,(anonymous_3)
DA:2,12
DA:8,12
DA:17,31
DA:18,31
DA:28,12
DA:29,0
DA:30,0
DA:43,12
DA:45,0
DA:47,0
DA:49,0
DA:51,0
DA:53,12
DA:55,12
LF:14
LH:8
BRF:0
BRH:0
end_of_record
TN:
SF:/Users/Nicholas/Desktop/School/seng350/project/seng350f19-project-3-10/BillSplit/src/controller/BillController.js
FN:2,(anonymous_0)
FN:3,(anonymous_1)
FN:5,(anonymous_2)
FN:6,(anonymous_3)
FN:9,(anonymous_4)
FN:11,__
FN:21,(anonymous_6)
FN:23,BillController
FN:26,(anonymous_8)
FN:28,(anonymous_9)
FN:32,(anonymous_10)
FN:36,(anonymous_11)
FN:39,(anonymous_12)
FN:42,(anonymous_13)
FN:51,(anonymous_14)
FN:55,(anonymous_15)
FN:57,(anonymous_16)
FN:67,(anonymous_17)
FN:72,(anonymous_18)
FN:77,(anonymous_19)
FN:88,(anonymous_20)
FN:92,(anonymous_21)
FN:94,(anonymous_22)
FN:106,(anonymous_23)
FN:113,(anonymous_24)
FN:118,(anonymous_25)
FN:123,(anonymous_26)
FN:147,(anonymous_27)
FN:153,(anonymous_28)
FN:155,(anonymous_29)
FN:165,(anonymous_30)
FN:167,(anonymous_31)
FN:169,(anonymous_32)
FN:178,(anonymous_33)
FN:194,(anonymous_34)
FN:196,(anonymous_35)
FN:205,(anonymous_36)
FN:209,(anonymous_37)
FN:219,(anonymous_38)
FN:231,(anonymous_39)
FN:233,(anonymous_40)
FN:240,(anonymous_41)
FNF:42
FNH:7
FNDA:8,(anonymous_0)
FNDA:8,(anonymous_1)
FNDA:0,(anonymous_2)
FNDA:0,(anonymous_3)
FNDA:8,(anonymous_4)
FNDA:8,__
FNDA:8,(anonymous_6)
FNDA:2,BillController
FNDA:8,(anonymous_8)
FNDA:0,(anonymous_9)
FNDA:0,(anonymous_10)
FNDA:0,(anonymous_11)
FNDA:0,(anonymous_12)
FNDA:0,(anonymous_13)
FNDA:0,(anonymous_14)
FNDA:0,(anonymous_15)
FNDA:0,(anonymous_16)
FNDA:0,(anonymous_17)
FNDA:0,(anonymous_18)
FNDA:0,(anonymous_19)
FNDA:0,(anonymous_20)
FNDA:0,(anonymous_21)
FNDA:0,(anonymous_22)
FNDA:0,(anonymous_23)
FNDA:0,(anonymous_24)
FNDA:0,(anonymous_25)
FNDA:0,(anonymous_26)
FNDA:0,(anonymous_27)
FNDA:0,(anonymous_28)
FNDA:0,(anonymous_29)
FNDA:0,(anonymous_30)
FNDA:0,(anonymous_31)
FNDA:0,(anonymous_32)
FNDA:0,(anonymous_33)
FNDA:0,(anonymous_34)
FNDA:0,(anonymous_35)
FNDA:0,(anonymous_36)
FNDA:0,(anonymous_37)
FNDA:0,(anonymous_38)
FNDA:0,(anonymous_39)
FNDA:0,(anonymous_40)
FNDA:0,(anonymous_41)
DA:2,8
DA:3,8
DA:4,8
DA:5,0
DA:6,0
DA:7,8
DA:9,8
DA:10,8
DA:11,8
DA:12,8
DA:15,8
DA:16,8
DA:17,8
DA:18,8
DA:19,8
DA:20,8
DA:21,8
DA:22,8
DA:24,2
DA:26,8
DA:28,8
DA:29,0
DA:32,8
DA:33,0
DA:36,8
DA:37,0
DA:39,8
DA:40,0
DA:42,8
DA:43,0
DA:51,8
DA:52,0
DA:56,0
DA:58,0
DA:67,8
DA:68,0
DA:69,0
DA:70,0
DA:71,0
DA:73,0
DA:74,0
DA:75,0
DA:78,0
DA:88,8
DA:89,0
DA:93,0
DA:95,0
DA:106,8
DA:107,0
DA:108,0
DA:109,0
DA:110,0
DA:112,0
DA:114,0
DA:115,0
DA:116,0
DA:117,0
DA:119,0
DA:123,8
DA:124,0
DA:125,0
DA:127,0
DA:128,0
DA:129,0
DA:130,0
DA:147,8
DA:148,0
DA:149,0
DA:150,0
DA:152,0
DA:154,0
DA:156,0
DA:165,8
DA:166,0
DA:168,0
DA:170,0
DA:178,8
DA:179,0
DA:180,0
DA:181,0
DA:182,0
DA:183,0
DA:185,0
DA:186,0
DA:189,0
DA:190,0
DA:192,0
DA:195,0
DA:197,0
DA:205,8
DA:206,0
DA:210,0
DA:211,0
DA:214,0
DA:220,0
DA:231,8
DA:232,0
DA:234,0
DA:235,0
DA:238,0
DA:241,0
DA:244,8
DA:246,8
LF:103
LH:35
BRDA:2,0,0,8
BRDA:2,0,1,8
BRDA:2,0,2,8
BRDA:4,1,0,8
BRDA:4,1,1,0
BRDA:4,1,2,0
BRDA:4,1,3,0
BRDA:6,2,0,0
BRDA:6,2,1,0
BRDA:12,3,0,0
BRDA:12,3,1,8
BRDA:24,4,0,2
BRDA:24,4,1,2
BRDA:24,4,2,0
BRDA:74,5,0,0
BRDA:74,5,1,0
BRDA:129,6,0,0
BRDA:129,6,1,0
BRDA:182,7,0,0
BRDA:182,7,1,0
BRDA:185,8,0,0
BRDA:185,8,1,0
BRDA:210,9,0,0
BRDA:210,9,1,0
BRDA:234,10,0,0
BRDA:234,10,1,0
BRF:26
BRH:7
end_of_record
TN:
SF:/Users/Nicholas/Desktop/School/seng350/project/seng350f19-project-3-10/BillSplit/src/controller/GroupController.js
FN:2,(anonymous_0)
FN:3,(anonymous_1)
FN:5,(anonymous_2)
FN:6,(anonymous_3)
FN:9,(anonymous_4)
FN:11,__
FN:19,(anonymous_6)
FN:21,GroupController
FN:24,(anonymous_8)
FN:25,(anonymous_9)
FN:28,(anonymous_10)
FN:31,(anonymous_11)
FN:34,(anonymous_12)
FN:37,(anonymous_13)
FN:40,(anonymous_14)
FN:43,(anonymous_15)
FN:46,(anonymous_16)
FN:49,(anonymous_17)
FN:58,(anonymous_18)
FN:73,(anonymous_19)
FN:75,(anonymous_20)
FN:84,(anonymous_21)
FN:90,(anonymous_22)
FN:94,(anonymous_23)
FN:103,(anonymous_24)
FN:105,(anonymous_25)
FN:107,(anonymous_26)
FN:116,(anonymous_27)
FN:122,(anonymous_28)
FN:126,(anonymous_29)
FN:135,(anonymous_30)
FN:137,(anonymous_31)
FN:139,(anonymous_32)
FN:148,(anonymous_33)
FN:150,(anonymous_34)
FN:152,(anonymous_35)
FN:161,(anonymous_36)
FN:166,(anonymous_37)
FN:172,(anonymous_38)
FN:174,(anonymous_39)
FN:183,(anonymous_40)
FN:185,(anonymous_41)
FN:196,(anonymous_42)
FN:205,(anonymous_43)
FN:207,(anonymous_44)
FN:209,(anonymous_45)
FNF:46
FNH:6
FNDA:8,(anonymous_0)
FNDA:8,(anonymous_1)
FNDA:0,(anonymous_2)
FNDA:0,(anonymous_3)
FNDA:8,(anonymous_4)
FNDA:8,__
FNDA:8,(anonymous_6)
FNDA:0,GroupController
FNDA:8,(anonymous_8)
FNDA:0,(anonymous_9)
FNDA:0,(anonymous_10)
FNDA:0,(anonymous_11)
FNDA:0,(anonymous_12)
FNDA:0,(anonymous_13)
FNDA:0,(anonymous_14)
FNDA:0,(anonymous_15)
FNDA:0,(anonymous_16)
FNDA:0,(anonymous_17)
FNDA:0,(anonymous_18)
FNDA:0,(anonymous_19)
FNDA:0,(anonymous_20)
FNDA:0,(anonymous_21)
FNDA:0,(anonymous_22)
FNDA:0,(anonymous_23)
FNDA:0,(anonymous_24)
FNDA:0,(anonymous_25)
FNDA:0,(anonymous_26)
FNDA:0,(anonymous_27)
FNDA:0,(anonymous_28)
FNDA:0,(anonymous_29)
FNDA:0,(anonymous_30)
FNDA:0,(anonymous_31)
FNDA:0,(anonymous_32)
FNDA:0,(anonymous_33)
FNDA:0,(anonymous_34)
FNDA:0,(anonymous_35)
FNDA:0,(anonymous_36)
FNDA:0,(anonymous_37)
FNDA:0,(anonymous_38)
FNDA:0,(anonymous_39)
FNDA:0,(anonymous_40)
FNDA:0,(anonymous_41)
FNDA:0,(anonymous_42)
FNDA:0,(anonymous_43)
FNDA:0,(anonymous_44)
FNDA:0,(anonymous_45)
DA:2,8
DA:3,8
DA:4,8
DA:5,0
DA:6,0
DA:7,8
DA:9,8
DA:10,8
DA:11,8
DA:12,8
DA:15,8
DA:16,8
DA:17,8
DA:18,8
DA:19,8
DA:20,8
DA:22,0
DA:24,8
DA:25,8
DA:26,0
DA:28,8
DA:29,0
DA:31,8
DA:32,0
DA:34,8
DA:35,0
DA:37,8
DA:38,0
DA:40,8
DA:41,0
DA:43,8
DA:44,0
DA:46,8
DA:47,0
DA:49,8
DA:50,0
DA:58,8
DA:60,0
DA:61,0
DA:64,0
DA:66,0
DA:67,0
DA:68,0
DA:69,0
DA:70,0
DA:72,0
DA:74,0
DA:76,0
DA:84,8
DA:85,0
DA:86,0
DA:87,0
DA:91,0
DA:95,0
DA:103,8
DA:104,0
DA:106,0
DA:108,0
DA:116,8
DA:117,0
DA:118,0
DA:119,0
DA:123,0
DA:127,0
DA:135,8
DA:136,0
DA:138,0
DA:140,0
DA:148,8
DA:149,0
DA:151,0
DA:153,0
DA:161,8
DA:162,0
DA:163,0
DA:165,0
DA:167,0
DA:173,0
DA:175,0
DA:183,8
DA:184,0
DA:186,0
DA:187,0
DA:188,0
DA:189,0
DA:190,0
DA:191,0
DA:193,0
DA:194,0
DA:195,0
DA:197,0
DA:205,8
DA:206,0
DA:208,0
DA:210,0
DA:213,8
DA:215,8
LF:97
LH:35
BRDA:2,0,0,8
BRDA:2,0,1,8
BRDA:2,0,2,8
BRDA:4,1,0,8
BRDA:4,1,1,0
BRDA:4,1,2,0
BRDA:4,1,3,0
BRDA:6,2,0,0
BRDA:6,2,1,0
BRDA:12,3,0,0
BRDA:12,3,1,8
BRDA:22,4,0,0
BRDA:22,4,1,0
BRDA:22,4,2,0
BRDA:60,5,0,0
BRDA:60,5,1,0
BRDA:162,6,0,0
BRDA:162,6,1,0
BRF:18
BRH:5
end_of_record
TN:
SF:/Users/Nicholas/Desktop/School/seng350/project/seng350f19-project-3-10/BillSplit/src/controller/ItemController.js
FN:2,(anonymous_0)
FN:3,(anonymous_1)
FN:5,(anonymous_2)
FN:6,(anonymous_3)
FN:9,(anonymous_4)
FN:11,__
FN:19,(anonymous_6)
FN:21,ItemController
FN:24,(anonymous_8)
FN:27,(anonymous_9)
FN:29,(anonymous_10)
FN:33,(anonymous_11)
FN:37,(anonymous_12)
FN:41,(anonymous_13)
FN:44,(anonymous_14)
FN:53,(anonymous_15)
FN:55,(anonymous_16)
FN:57,(anonymous_17)
FN:66,(anonymous_18)
FN:70,(anonymous_19)
FN:78,(anonymous_20)
FN:87,(anonymous_21)
FN:99,(anonymous_22)
FN:101,(anonymous_23)
FN:110,(anonymous_24)
FN:116,(anonymous_25)
FN:118,(anonymous_26)
FN:130,(anonymous_27)
FN:133,(anonymous_28)
FN:138,(anonymous_29)
FN:140,(anonymous_30)
FN:152,(anonymous_31)
FN:158,(anonymous_32)
FN:160,(anonymous_33)
FNF:34
FNH:7
FNDA:9,(anonymous_0)
FNDA:9,(anonymous_1)
FNDA:0,(anonymous_2)
FNDA:0,(anonymous_3)
FNDA:9,(anonymous_4)
FNDA:9,__
FNDA:9,(anonymous_6)
FNDA:5,ItemController
FNDA:0,(anonymous_8)
FNDA:8,(anonymous_9)
FNDA:0,(anonymous_10)
FNDA:0,(anonymous_11)
FNDA:0,(anonymous_12)
FNDA:0,(anonymous_13)
FNDA:0,(anonymous_14)
FNDA:0,(anonymous_15)
FNDA:0,(anonymous_16)
FNDA:0,(anonymous_17)
FNDA:0,(anonymous_18)
FNDA:0,(anonymous_19)
FNDA:0,(anonymous_20)
FNDA:0,(anonymous_21)
FNDA:0,(anonymous_22)
FNDA:0,(anonymous_23)
FNDA:0,(anonymous_24)
FNDA:0,(anonymous_25)
FNDA:0,(anonymous_26)
FNDA:0,(anonymous_27)
FNDA:0,(anonymous_28)
FNDA:0,(anonymous_29)
FNDA:0,(anonymous_30)
FNDA:0,(anonymous_31)
FNDA:0,(anonymous_32)
FNDA:0,(anonymous_33)
DA:2,9
DA:3,9
DA:4,9
DA:5,0
DA:6,0
DA:7,9
DA:9,9
DA:10,9
DA:11,9
DA:12,9
DA:15,9
DA:16,9
DA:17,9
DA:18,9
DA:19,9
DA:20,9
DA:22,5
DA:24,9
DA:25,0
DA:27,9
DA:29,8
DA:30,0
DA:33,8
DA:34,0
DA:37,8
DA:38,0
DA:41,8
DA:42,0
DA:44,8
DA:45,0
DA:53,9
DA:54,0
DA:56,0
DA:58,0
DA:66,9
DA:67,0
DA:68,0
DA:69,0
DA:71,0
DA:72,0
DA:77,0
DA:79,0
DA:87,9
DA:88,0
DA:89,0
DA:93,0
DA:95,0
DA:100,0
DA:102,0
DA:110,9
DA:111,0
DA:112,0
DA:113,0
DA:117,0
DA:119,0
DA:130,9
DA:131,0
DA:132,0
DA:134,0
DA:139,0
DA:141,0
DA:152,9
DA:153,0
DA:154,0
DA:155,0
DA:157,0
DA:159,0
DA:161,0
DA:167,9
DA:169,9
LF:70
LH:30
BRDA:2,0,0,9
BRDA:2,0,1,9
BRDA:2,0,2,9
BRDA:4,1,0,9
BRDA:4,1,1,0
BRDA:4,1,2,0
BRDA:4,1,3,0
BRDA:6,2,0,0
BRDA:6,2,1,0
BRDA:12,3,0,0
BRDA:12,3,1,9
BRDA:22,4,0,5
BRDA:22,4,1,5
BRDA:22,4,2,0
BRDA:88,5,0,0
BRDA:88,5,1,0
BRDA:88,6,0,0
BRDA:88,6,1,0
BRDA:153,7,0,0
BRDA:153,7,1,0
BRF:20
BRH:7
end_of_record
TN:
SF:/Users/Nicholas/Desktop/School/seng350/project/seng350f19-project-3-10/BillSplit/src/controller/PageController.js
FN:2,(anonymous_0)
FN:3,(anonymous_1)
FN:5,(anonymous_2)
FN:6,(anonymous_3)
FN:9,(anonymous_4)
FN:11,__
FN:18,(anonymous_6)
FN:20,PageController
FN:23,(anonymous_8)
FN:25,(anonymous_9)
FN:29,(anonymous_10)
FN:33,(anonymous_11)
FN:37,(anonymous_12)
FN:41,(anonymous_13)
FN:45,(anonymous_14)
FN:49,(anonymous_15)
FN:53,(anonymous_16)
FN:57,(anonymous_17)
FN:60,(anonymous_18)
FN:63,(anonymous_19)
FN:66,(anonymous_20)
FN:70,(anonymous_21)
FN:75,(anonymous_22)
FN:79,(anonymous_23)
FN:92,(anonymous_24)
FN:97,(anonymous_25)
FN:100,(anonymous_26)
FN:107,(anonymous_27)
FN:120,(anonymous_28)
FN:123,(anonymous_29)
FN:131,(anonymous_30)
FN:147,(anonymous_31)
FN:153,(anonymous_32)
FN:157,(anonymous_33)
FN:170,(anonymous_34)
FN:173,(anonymous_35)
FN:177,(anonymous_36)
FN:195,(anonymous_37)
FN:198,(anonymous_38)
FN:202,(anonymous_39)
FN:220,(anonymous_40)
FN:226,(anonymous_41)
FN:231,(anonymous_42)
FNF:43
FNH:6
FNDA:8,(anonymous_0)
FNDA:8,(anonymous_1)
FNDA:0,(anonymous_2)
FNDA:0,(anonymous_3)
FNDA:8,(anonymous_4)
FNDA:8,__
FNDA:8,(anonymous_6)
FNDA:0,PageController
FNDA:8,(anonymous_8)
FNDA:0,(anonymous_9)
FNDA:0,(anonymous_10)
FNDA:0,(anonymous_11)
FNDA:0,(anonymous_12)
FNDA:0,(anonymous_13)
FNDA:0,(anonymous_14)
FNDA:0,(anonymous_15)
FNDA:0,(anonymous_16)
FNDA:0,(anonymous_17)
FNDA:0,(anonymous_18)
FNDA:0,(anonymous_19)
FNDA:0,(anonymous_20)
FNDA:0,(anonymous_21)
FNDA:0,(anonymous_22)
FNDA:0,(anonymous_23)
FNDA:0,(anonymous_24)
FNDA:0,(anonymous_25)
FNDA:0,(anonymous_26)
FNDA:0,(anonymous_27)
FNDA:0,(anonymous_28)
FNDA:0,(anonymous_29)
FNDA:0,(anonymous_30)
FNDA:0,(anonymous_31)
FNDA:0,(anonymous_32)
FNDA:0,(anonymous_33)
FNDA:0,(anonymous_34)
FNDA:0,(anonymous_35)
FNDA:0,(anonymous_36)
FNDA:0,(anonymous_37)
FNDA:0,(anonymous_38)
FNDA:0,(anonymous_39)
FNDA:0,(anonymous_40)
FNDA:0,(anonymous_41)
FNDA:0,(anonymous_42)
DA:2,8
DA:3,8
DA:4,8
DA:5,0
DA:6,0
DA:7,8
DA:9,8
DA:10,8
DA:11,8
DA:12,8
DA:15,8
DA:16,8
DA:17,8
DA:18,8
DA:19,8
DA:21,0
DA:23,8
DA:25,8
DA:26,0
DA:29,8
DA:30,0
DA:33,8
DA:34,0
DA:37,8
DA:38,0
DA:41,8
DA:42,0
DA:45,8
DA:46,0
DA:49,8
DA:50,0
DA:53,8
DA:54,0
DA:57,8
DA:58,0
DA:60,8
DA:61,0
DA:63,8
DA:64,0
DA:66,8
DA:67,0
DA:70,8
DA:72,0
DA:75,8
DA:76,0
DA:79,8
DA:81,0
DA:92,8
DA:93,0
DA:95,0
DA:96,0
DA:98,0
DA:101,0
DA:102,0
DA:105,0
DA:108,0
DA:120,8
DA:121,0
DA:122,0
DA:124,0
DA:132,0
DA:147,8
DA:148,0
DA:149,0
DA:150,0
DA:152,0
DA:154,0
DA:158,0
DA:170,8
DA:171,0
DA:172,0
DA:174,0
DA:178,0
DA:195,8
DA:196,0
DA:197,0
DA:199,0
DA:203,0
DA:220,8
DA:221,0
DA:222,0
DA:223,0
DA:225,0
DA:227,0
DA:232,0
DA:240,8
DA:242,8
LF:87
LH:37
BRDA:2,0,0,8
BRDA:2,0,1,8
BRDA:2,0,2,8
BRDA:4,1,0,8
BRDA:4,1,1,0
BRDA:4,1,2,0
BRDA:4,1,3,0
BRDA:6,2,0,0
BRDA:6,2,1,0
BRDA:12,3,0,0
BRDA:12,3,1,8
BRDA:21,4,0,0
BRDA:21,4,1,0
BRDA:21,4,2,0
BRDA:101,5,0,0
BRDA:101,5,1,0
BRDA:149,6,0,0
BRDA:149,6,1,0
BRDA:222,7,0,0
BRDA:222,7,1,0
BRF:20
BRH:5
end_of_record
TN:
SF:/Users/Nicholas/Desktop/School/seng350/project/seng350f19-project-3-10/BillSplit/src/controller/UserController.js
FN:2,(anonymous_0)
FN:3,(anonymous_1)
FN:5,(anonymous_2)
FN:6,(anonymous_3)
FN:9,(anonymous_4)
FN:11,__
FN:15,(anonymous_6)
FN:24,(anonymous_7)
FN:26,UserController
FN:30,(anonymous_9)
FN:32,(anonymous_10)
FN:36,(anonymous_11)
FN:39,(anonymous_12)
FN:42,(anonymous_13)
FN:45,(anonymous_14)
FN:48,(anonymous_15)
FN:51,(anonymous_16)
FN:54,(anonymous_17)
FN:57,(anonymous_18)
FN:60,(anonymous_19)
FN:63,(anonymous_20)
FN:72,(anonymous_21)
FN:77,(anonymous_22)
FN:85,(anonymous_23)
FN:95,(anonymous_24)
FN:106,(anonymous_25)
FN:135,(anonymous_26)
FN:147,(anonymous_27)
FN:155,(anonymous_28)
FN:168,(anonymous_29)
FN:173,(anonymous_30)
FN:185,(anonymous_31)
FN:187,(anonymous_32)
FN:189,(anonymous_33)
FN:198,(anonymous_34)
FN:210,(anonymous_35)
FN:221,(anonymous_36)
FN:223,(anonymous_37)
FN:225,(anonymous_38)
FN:234,(anonymous_39)
FN:235,(anonymous_40)
FN:244,(anonymous_41)
FN:246,(anonymous_42)
FN:256,(anonymous_43)
FN:268,(anonymous_44)
FN:270,(anonymous_45)
FN:282,(anonymous_46)
FN:294,(anonymous_47)
FN:296,(anonymous_48)
FN:301,(anonymous_49)
FN:313,(anonymous_50)
FN:317,(anonymous_51)
FN:322,(anonymous_52)
FN:334,(anonymous_53)
FN:335,(anonymous_54)
FN:344,(anonymous_55)
FN:349,(anonymous_56)
FN:357,(anonymous_57)
FN:376,(anonymous_58)
FN:382,(anonymous_59)
FN:385,(anonymous_60)
FNF:61
FNH:8
FNDA:11,(anonymous_0)
FNDA:11,(anonymous_1)
FNDA:0,(anonymous_2)
FNDA:0,(anonymous_3)
FNDA:11,(anonymous_4)
FNDA:11,__
FNDA:11,(anonymous_6)
FNDA:11,(anonymous_7)
FNDA:10,UserController
FNDA:8,(anonymous_9)
FNDA:0,(anonymous_10)
FNDA:0,(anonymous_11)
FNDA:0,(anonymous_12)
FNDA:0,(anonymous_13)
FNDA:0,(anonymous_14)
FNDA:0,(anonymous_15)
FNDA:0,(anonymous_16)
FNDA:0,(anonymous_17)
FNDA:0,(anonymous_18)
FNDA:0,(anonymous_19)
FNDA:0,(anonymous_20)
FNDA:0,(anonymous_21)
FNDA:0,(anonymous_22)
FNDA:0,(anonymous_23)
FNDA:0,(anonymous_24)
FNDA:0,(anonymous_25)
FNDA:0,(anonymous_26)
FNDA:0,(anonymous_27)
FNDA:0,(anonymous_28)
FNDA:0,(anonymous_29)
FNDA:0,(anonymous_30)
FNDA:0,(anonymous_31)
FNDA:0,(anonymous_32)
FNDA:0,(anonymous_33)
FNDA:0,(anonymous_34)
FNDA:0,(anonymous_35)
FNDA:0,(anonymous_36)
FNDA:0,(anonymous_37)
FNDA:0,(anonymous_38)
FNDA:0,(anonymous_39)
FNDA:0,(anonymous_40)
FNDA:0,(anonymous_41)
FNDA:0,(anonymous_42)
FNDA:0,(anonymous_43)
FNDA:0,(anonymous_44)
FNDA:0,(anonymous_45)
FNDA:0,(anonymous_46)
FNDA:0,(anonymous_47)
FNDA:0,(anonymous_48)
FNDA:0,(anonymous_49)
FNDA:0,(anonymous_50)
FNDA:0,(anonymous_51)
FNDA:0,(anonymous_52)
FNDA:0,(anonymous_53)
FNDA:0,(anonymous_54)
FNDA:0,(anonymous_55)
FNDA:0,(anonymous_56)
FNDA:0,(anonymous_57)
FNDA:0,(anonymous_58)
FNDA:0,(anonymous_59)
FNDA:0,(anonymous_60)
DA:2,11
DA:3,11
DA:4,11
DA:5,0
DA:6,0
DA:7,11
DA:9,11
DA:10,11
DA:11,11
DA:12,11
DA:15,11
DA:16,11
DA:18,11
DA:19,11
DA:20,11
DA:21,11
DA:22,11
DA:23,11
DA:24,11
DA:25,11
DA:27,10
DA:30,11
DA:32,8
DA:33,0
DA:36,8
DA:37,0
DA:39,8
DA:40,0
DA:42,8
DA:43,0
DA:45,8
DA:46,0
DA:48,8
DA:49,0
DA:51,8
DA:52,0
DA:54,8
DA:55,0
DA:57,8
DA:58,0
DA:60,8
DA:61,0
DA:63,8
DA:64,0
DA:72,11
DA:73,0
DA:74,0
DA:75,0
DA:76,0
DA:78,0
DA:86,0
DA:87,0
DA:88,0
DA:91,0
DA:96,0
DA:106,11
DA:107,0
DA:108,0
DA:110,0
DA:114,0
DA:116,0
DA:117,0
DA:121,0
DA:123,0
DA:124,0
DA:128,0
DA:135,11
DA:136,0
DA:137,0
DA:138,0
DA:139,0
DA:141,0
DA:147,11
DA:148,0
DA:155,11
DA:156,0
DA:157,0
DA:158,0
DA:169,0
DA:174,0
DA:185,11
DA:186,0
DA:188,0
DA:190,0
DA:198,11
DA:199,0
DA:201,0
DA:202,0
DA:205,0
DA:207,0
DA:208,0
DA:209,0
DA:210,0
DA:211,0
DA:214,0
DA:221,11
DA:222,0
DA:224,0
DA:226,0
DA:234,11
DA:235,0
DA:236,0
DA:244,11
DA:245,0
DA:247,0
DA:248,0
DA:251,0
DA:257,0
DA:268,11
DA:269,0
DA:271,0
DA:272,0
DA:277,0
DA:283,0
DA:294,11
DA:295,0
DA:297,0
DA:302,0
DA:313,11
DA:314,0
DA:318,0
DA:323,0
DA:334,11
DA:335,0
DA:336,0
DA:344,11
DA:345,0
DA:349,0
DA:350,0
DA:351,0
DA:352,0
DA:353,0
DA:354,0
DA:357,0
DA:358,0
DA:361,0
DA:365,0
DA:366,0
DA:367,0
DA:369,0
DA:376,11
DA:377,0
DA:378,0
DA:383,0
DA:384,0
DA:386,0
DA:389,11
DA:391,11
LF:148
LH:49
BRDA:2,0,0,11
BRDA:2,0,1,11
BRDA:2,0,2,11
BRDA:4,1,0,11
BRDA:4,1,1,0
BRDA:4,1,2,0
BRDA:4,1,3,0
BRDA:6,2,0,0
BRDA:6,2,1,0
BRDA:12,3,0,0
BRDA:12,3,1,11
BRDA:15,4,0,11
BRDA:15,4,1,11
BRDA:15,4,2,11
BRDA:16,5,0,11
BRDA:16,5,1,0
BRDA:16,6,0,11
BRDA:16,6,1,11
BRDA:27,7,0,10
BRDA:27,7,1,10
BRDA:27,7,2,0
BRDA:86,8,0,0
BRDA:86,8,1,0
BRDA:108,9,0,0
BRDA:108,9,1,0
BRDA:108,10,0,0
BRDA:108,10,1,0
BRDA:108,10,2,0
BRDA:108,10,3,0
BRDA:116,11,0,0
BRDA:116,11,1,0
BRDA:123,12,0,0
BRDA:123,12,1,0
BRDA:201,13,0,0
BRDA:201,13,1,0
BRDA:247,14,0,0
BRDA:247,14,1,0
BRDA:271,15,0,0
BRDA:271,15,1,0
BRDA:353,16,0,0
BRDA:353,16,1,0
BRDA:357,17,0,0
BRDA:357,17,1,0
BRDA:358,18,0,0
BRDA:358,18,1,0
BRF:45
BRH:13
end_of_record
